(0000) 3000  0011000000000000 (   8)                 .ORIG x3000
(3000) E036  1110000000110110 (   9)                 LEA   R0 StartPrompt
(3001) F022  1111000000100010 (  10)                 TRAP  x22
(3002) 2C68  0010110001101000 (  11)                 LD    R6 SL1
(3003) 1DA1  0001110110100001 (  12)                 ADD   R6 R6 #1
(3004) E050  1110000001010000 (  14) NewCommand      LEA   R0 InputPrompt
(3005) F022  1111000000100010 (  15)                 TRAP  x22
(3006) F020  1111000000100000 (  16)                 TRAP  x20
(3007) F021  1111000000100001 (  17)                 TRAP  x21
(3008) 2257  0010001001010111 (  19) TryExit         LD    R1 EqualX
(3009) 1240  0001001001000000 (  20)                 ADD   R1 R1 R0
(300A) 0A02  0000101000000010 (  21)                 BRNP  TryDisplay
(300B) 4860  0100100001100000 (  22)                 JSR   Exit
(300C) F025  1111000000100101 (  23)                 TRAP  x25
(300D) 2253  0010001001010011 (  25) TryDisplay      LD    R1 EqualD
(300E) 1240  0001001001000000 (  26)                 ADD   R1 R1 R0
(300F) 0A02  0000101000000010 (  27)                 BRNP  TryClear
(3010) 486C  0100100001101100 (  28)                 JSR   Display
(3011) 0FF2  0000111111110010 (  29)                 BRNZP NewCommand
(3012) 224F  0010001001001111 (  31) TryClear        LD    R1 EqualC
(3013) 1240  0001001001000000 (  32)                 ADD   R1 R1 R0
(3014) 0A02  0000101000000010 (  33)                 BRNP  TryPlus
(3015) 4888  0100100010001000 (  34)                 JSR   Clear
(3016) 0FED  0000111111101101 (  35)                 BRNZP NewCommand
(3017) 224B  0010001001001011 (  37) TryPlus         LD    R1 EqualPlus
(3018) 1240  0001001001000000 (  38)                 ADD   R1 R1 R0
(3019) 0A02  0000101000000010 (  39)                 BRNP  TryTime
(301A) 48AF  0100100010101111 (  40)                 JSR   Plus
(301B) 0FE8  0000111111101000 (  41)                 BRNZP NewCommand
(301C) 2247  0010001001000111 (  43) TryTime         LD    R1 EqualTime
(301D) 1240  0001001001000000 (  44)                 ADD   R1 R1 R0
(301E) 0A02  0000101000000010 (  45)                 BRNP  TryNega
(301F) 48D4  0100100011010100 (  46)                 JSR   Time
(3020) 0FE3  0000111111100011 (  47)                 BRNZP NewCommand
(3021) 2243  0010001001000011 (  49) TryNega         LD    R1 EqualNega
(3022) 1240  0001001001000000 (  50)                 ADD   R1 R1 R0
(3023) 0A02  0000101000000010 (  51)                 BRNP  TryDIV
(3024) 4912  0100100100010010 (  52)                 JSR   Nega
(3025) 0FDE  0000111111011110 (  53)                 BRNZP NewCommand
(3026) 223F  0010001000111111 (  55) TryDIV          LD    R1 EqualDIV
(3027) 1240  0001001001000000 (  56)                 ADD   R1 R1 R0
(3028) 0A02  0000101000000010 (  57)                 BRNP  TryMOD
(3029) 492C  0100100100101100 (  58)                 JSR   DIV
(302A) 0FD9  0000111111011001 (  59)                 BRNZP NewCommand
(302B) 223B  0010001000111011 (  61) TryMOD          LD    R1 EqualMOD
(302C) 1240  0001001001000000 (  62)                 ADD   R1 R1 R0
(302D) 0A02  0000101000000010 (  63)                 BRNP  TryXOR
(302E) 49BC  0100100110111100 (  64)                 JSR   MOD
(302F) 0FD4  0000111111010100 (  65)                 BRNZP NewCommand
(3030) 2237  0010001000110111 (  67) TryXOR          LD    R1 EqualXOR
(3031) 1240  0001001001000000 (  68)                 ADD   R1 R1 R0
(3032) 0A02  0000101000000010 (  69)                 BRNP  TryInsert
(3033) 49FB  0100100111111011 (  70)                 JSR   XOR
(3034) 0FCF  0000111111001111 (  71)                 BRNZP NewCommand
(3035) 4A2A  0100101000101010 (  73) TryInsert       JSR   Insert
(3036) 0FCD  0000111111001101 (  74)                 BRNZP NewCommand
(3037) 0041  0000000001000001 (  76) StartPrompt     .FILL x0041
(3038) 0073  0000000001110011 (  76)                 .FILL x0073
(3039) 0073  0000000001110011 (  76)                 .FILL x0073
(303A) 0065  0000000001100101 (  76)                 .FILL x0065
(303B) 006D  0000000001101101 (  76)                 .FILL x006D
(303C) 0062  0000000001100010 (  76)                 .FILL x0062
(303D) 006C  0000000001101100 (  76)                 .FILL x006C
(303E) 0079  0000000001111001 (  76)                 .FILL x0079
(303F) 0020  0000000000100000 (  76)                 .FILL x0020
(3040) 0043  0000000001000011 (  76)                 .FILL x0043
(3041) 0061  0000000001100001 (  76)                 .FILL x0061
(3042) 006C  0000000001101100 (  76)                 .FILL x006C
(3043) 0063  0000000001100011 (  76)                 .FILL x0063
(3044) 0075  0000000001110101 (  76)                 .FILL x0075
(3045) 006C  0000000001101100 (  76)                 .FILL x006C
(3046) 0061  0000000001100001 (  76)                 .FILL x0061
(3047) 0074  0000000001110100 (  76)                 .FILL x0074
(3048) 006F  0000000001101111 (  76)                 .FILL x006F
(3049) 0072  0000000001110010 (  76)                 .FILL x0072
(304A) 0020  0000000000100000 (  76)                 .FILL x0020
(304B) 0062  0000000001100010 (  76)                 .FILL x0062
(304C) 0079  0000000001111001 (  76)                 .FILL x0079
(304D) 0020  0000000000100000 (  76)                 .FILL x0020
(304E) 0078  0000000001111000 (  76)                 .FILL x0078
(304F) 0078  0000000001111000 (  76)                 .FILL x0078
(3050) 0079  0000000001111001 (  76)                 .FILL x0079
(3051) 0051  0000000001010001 (  76)                 .FILL x0051
(3052) 0077  0000000001110111 (  76)                 .FILL x0077
(3053) 0051  0000000001010001 (  76)                 .FILL x0051
(3054) 0000  0000000000000000 (  76)                 .FILL x0000
(3055) 000A  0000000000001010 (  77) InputPrompt     .FILL x000A
(3056) 0043  0000000001000011 (  78)                 .FILL x0043
(3057) 006F  0000000001101111 (  78)                 .FILL x006F
(3058) 006D  0000000001101101 (  78)                 .FILL x006D
(3059) 006D  0000000001101101 (  78)                 .FILL x006D
(305A) 0061  0000000001100001 (  78)                 .FILL x0061
(305B) 006E  0000000001101110 (  78)                 .FILL x006E
(305C) 0064  0000000001100100 (  78)                 .FILL x0064
(305D) 003A  0000000000111010 (  78)                 .FILL x003A
(305E) 0020  0000000000100000 (  78)                 .FILL x0020
(305F) 0000  0000000000000000 (  78)                 .FILL x0000
(3060) FFA8  1111111110101000 (  79) EqualX          .FILL xFFA8
(3061) FFBC  1111111110111100 (  80) EqualD          .FILL xFFBC
(3062) FFBD  1111111110111101 (  81) EqualC          .FILL xFFBD
(3063) FFD5  1111111111010101 (  82) EqualPlus       .FILL xFFD5
(3064) FFD6  1111111111010110 (  83) EqualTime       .FILL xFFD6
(3065) FFD3  1111111111010011 (  84) EqualNega       .FILL xFFD3
(3066) FFD1  1111111111010001 (  85) EqualDIV        .FILL xFFD1
(3067) FFDB  1111111111011011 (  86) EqualMOD        .FILL xFFDB
(3068) FFC0  1111111111000000 (  87) EqualXOR        .FILL xFFC0
(3069) 33C3  0011001111000011 (  88) BP1             .FILL x33C3
(306A) 33B3  0011001110110011 (  89) SH1             .FILL x33B3
(306B) 33C2  0011001111000010 (  90) SL1             .FILL x33C2
(306C) 3006  0011000000000110 (  95) Exit            ST    R0 XSaveR0
(306D) 3E06  0011111000000110 (  96)                 ST    R7 XSaveR7
(306E) E006  1110000000000110 (  97)                 LEA   R0 ExitPrompt
(306F) F022  1111000000100010 (  98)                 TRAP  x22
(3070) 2002  0010000000000010 (  99) XFinish         LD    R0 XSaveR0
(3071) 2E02  0010111000000010 ( 100)                 LD    R7 XSaveR7
(3072) C1C0  1100000111000000 ( 101)                 RET   
(3073) 0000  0000000000000000 ( 103) XSaveR0         .FILL x0000
(3074) 0000  0000000000000000 ( 104) XSaveR7         .FILL x0000
(3075) 000A  0000000000001010 ( 105) ExitPrompt      .FILL x000A
(3076) 005B  0000000001011011 ( 106)                 .FILL x005B
(3077) 0045  0000000001000101 ( 106)                 .FILL x0045
(3078) 0078  0000000001111000 ( 106)                 .FILL x0078
(3079) 0069  0000000001101001 ( 106)                 .FILL x0069
(307A) 0074  0000000001110100 ( 106)                 .FILL x0074
(307B) 005D  0000000001011101 ( 106)                 .FILL x005D
(307C) 0000  0000000000000000 ( 106)                 .FILL x0000
(307D) 3011  0011000000010001 ( 111) Display         ST    R0 DSaveR0
(307E) 3A11  0011101000010001 ( 112)                 ST    R5 DSaveR5
(307F) 3E11  0011111000010001 ( 113)                 ST    R7 DSaveR7
(3080) 4A61  0100101001100001 ( 114)                 JSR   POP
(3081) 1B60  0001101101100000 ( 115)                 ADD   R5 R5 #0
(3082) 0206  0000001000000110 ( 116)                 BRP   DFinish
(3083) 4AE9  0100101011101001 ( 117)                 JSR   B2A
(3084) 200D  0010000000001101 ( 118)                 LD    R0 DNewLine
(3085) F021  1111000000100001 ( 119)                 TRAP  x21
(3086) 21E2  0010000111100010 ( 120)                 LD    R0 BP1
(3087) F022  1111000000100010 ( 121)                 TRAP  x22
(3088) 1DBF  0001110110111111 ( 122)                 ADD   R6 R6 #-1
(3089) E009  1110000000001001 ( 123) DFinish         LEA   R0 EchoPrompt
(308A) F022  1111000000100010 ( 124)                 TRAP  x22
(308B) 2003  0010000000000011 ( 125)                 LD    R0 DSaveR0
(308C) 2A03  0010101000000011 ( 126)                 LD    R5 DSaveR5
(308D) 2E03  0010111000000011 ( 127)                 LD    R7 DSaveR7
(308E) C1C0  1100000111000000 ( 128)                 RET   
(308F) 0000  0000000000000000 ( 130) DSaveR0         .FILL x0000
(3090) 0000  0000000000000000 ( 131) DSaveR5         .FILL x0000
(3091) 0000  0000000000000000 ( 132) DSaveR7         .FILL x0000
(3092) 000A  0000000000001010 ( 133) DNewLine        .FILL x000A
(3093) 000A  0000000000001010 ( 134) EchoPrompt      .FILL x000A
(3094) 005B  0000000001011011 ( 135)                 .FILL x005B
(3095) 0044  0000000001000100 ( 135)                 .FILL x0044
(3096) 0069  0000000001101001 ( 135)                 .FILL x0069
(3097) 0073  0000000001110011 ( 135)                 .FILL x0073
(3098) 0070  0000000001110000 ( 135)                 .FILL x0070
(3099) 006C  0000000001101100 ( 135)                 .FILL x006C
(309A) 0061  0000000001100001 ( 135)                 .FILL x0061
(309B) 0079  0000000001111001 ( 135)                 .FILL x0079
(309C) 005D  0000000001011101 ( 135)                 .FILL x005D
(309D) 0000  0000000000000000 ( 135)                 .FILL x0000
(309E) 3008  0011000000001000 ( 140) Clear           ST    R0 CSaveR0
(309F) 3E08  0011111000001000 ( 141)                 ST    R7 CSaveR7
(30A0) 2DCA  0010110111001010 ( 142)                 LD    R6 SL1
(30A1) 1DA1  0001110110100001 ( 143)                 ADD   R6 R6 #1
(30A2) E006  1110000000000110 ( 144)                 LEA   R0 ClearPrompt
(30A3) F022  1111000000100010 ( 145)                 TRAP  x22
(30A4) 2002  0010000000000010 ( 146) CFinish         LD    R0 CSaveR0
(30A5) 2E02  0010111000000010 ( 147)                 LD    R7 CSaveR7
(30A6) C1C0  1100000111000000 ( 148)                 RET   
(30A7) 0000  0000000000000000 ( 150) CSaveR0         .FILL x0000
(30A8) 0000  0000000000000000 ( 151) CSaveR7         .FILL x0000
(30A9) 000A  0000000000001010 ( 152) ClearPrompt     .FILL x000A
(30AA) 005B  0000000001011011 ( 153)                 .FILL x005B
(30AB) 0043  0000000001000011 ( 153)                 .FILL x0043
(30AC) 006C  0000000001101100 ( 153)                 .FILL x006C
(30AD) 0065  0000000001100101 ( 153)                 .FILL x0065
(30AE) 0061  0000000001100001 ( 153)                 .FILL x0061
(30AF) 0072  0000000001110010 ( 153)                 .FILL x0072
(30B0) 005D  0000000001011101 ( 153)                 .FILL x005D
(30B1) 0000  0000000000000000 ( 153)                 .FILL x0000
(30B2) 3010  0011000000010000 ( 158) RangeCheck      ST    R0 RCSaveR0
(30B3) 3E10  0011111000010000 ( 159)                 ST    R7 RCSaveR7
(30B4) 2A11  0010101000010001 ( 160)                 LD    R5 Minus999
(30B5) 1B40  0001101101000000 ( 161)                 ADD   R5 R5 R0
(30B6) 0205  0000001000000101 ( 162)                 BRP   RCFail
(30B7) 2A0D  0010101000001101 ( 163)                 LD    R5 Plus999
(30B8) 1B40  0001101101000000 ( 164)                 ADD   R5 R5 R0
(30B9) 0802  0000100000000010 ( 165)                 BRN   RCFail
(30BA) 5B60  0101101101100000 ( 166)                 AND   R5 R5 #0
(30BB) 0E04  0000111000000100 ( 167)                 BRNZP RCFinish
(30BC) E0EA  1110000011101010 ( 168) RCFail          LEA   R0 RangeError
(30BD) F022  1111000000100010 ( 169)                 TRAP  x22
(30BE) 5B60  0101101101100000 ( 170)                 AND   R5 R5 #0
(30BF) 1B61  0001101101100001 ( 171)                 ADD   R5 R5 #1
(30C0) 2002  0010000000000010 ( 172) RCFinish        LD    R0 RCSaveR0
(30C1) 2E02  0010111000000010 ( 173)                 LD    R7 RCSaveR7
(30C2) C1C0  1100000111000000 ( 174)                 RET   
(30C3) 0000  0000000000000000 ( 175) RCSaveR0        .FILL x0000
(30C4) 0000  0000000000000000 ( 176) RCSaveR7        .FILL x0000
(30C5) 03E7  0000001111100111 ( 177) Plus999         .FILL x03E7
(30C6) FC19  1111110000011001 ( 178) Minus999        .FILL xFC19
(30C7) 33C3  0011001111000011 ( 179) BP2             .FILL x33C3
(30C8) 33B3  0011001110110011 ( 180) SH2             .FILL x33B3
(30C9) 33C2  0011001111000010 ( 181) SL2             .FILL x33C2
(30CA) 301D  0011000000011101 ( 186) Plus            ST    R0 PlusSaveR0
(30CB) 321D  0011001000011101 ( 187)                 ST    R1 PlusSaveR1
(30CC) 3A1D  0011101000011101 ( 188)                 ST    R5 PlusSaveR5
(30CD) 3E1D  0011111000011101 ( 189)                 ST    R7 PlusSaveR7
(30CE) 4A13  0100101000010011 ( 190)                 JSR   POP
(30CF) 1B60  0001101101100000 ( 191)                 ADD   R5 R5 #0
(30D0) 020E  0000001000001110 ( 192)                 BRP   PlusAbsent
(30D1) 1220  0001001000100000 ( 193)                 ADD   R1 R0 #0
(30D2) 4A0F  0100101000001111 ( 194)                 JSR   POP
(30D3) 1B60  0001101101100000 ( 195)                 ADD   R5 R5 #0
(30D4) 0209  0000001000001001 ( 196)                 BRP   PlusBack
(30D5) 1001  0001000000000001 ( 197)                 ADD   R0 R0 R1
(30D6) 4FDB  0100111111011011 ( 198)                 JSR   RangeCheck
(30D7) 1B60  0001101101100000 ( 199)                 ADD   R5 R5 #0
(30D8) 0202  0000001000000010 ( 200)                 BRP   PlusExceed
(30D9) 4A32  0100101000110010 ( 201)                 JSR   PUSH
(30DA) 0E06  0000111000000110 ( 202)                 BRNZP PlusFinish
(30DB) 1DBF  0001110110111111 ( 203) PlusExceed      ADD   R6 R6 #-1
(30DC) 1DBF  0001110110111111 ( 204)                 ADD   R6 R6 #-1
(30DD) 0E03  0000111000000011 ( 205)                 BRNZP PlusFinish
(30DE) 1DBF  0001110110111111 ( 206) PlusBack        ADD   R6 R6 #-1
(30DF) E0AA  1110000010101010 ( 207) PlusAbsent      LEA   R0 CountError
(30E0) F022  1111000000100010 ( 208)                 TRAP  x22
(30E1) E00A  1110000000001010 ( 209) PlusFinish      LEA   R0 PlusPrompt
(30E2) F022  1111000000100010 ( 210)                 TRAP  x22
(30E3) 2004  0010000000000100 ( 211)                 LD    R0 PlusSaveR0
(30E4) 2204  0010001000000100 ( 212)                 LD    R1 PlusSaveR1
(30E5) 2A04  0010101000000100 ( 213)                 LD    R5 PlusSaveR5
(30E6) 2E04  0010111000000100 ( 214)                 LD    R7 PlusSaveR7
(30E7) C1C0  1100000111000000 ( 215)                 RET   
(30E8) 0000  0000000000000000 ( 217) PlusSaveR0      .FILL x0000
(30E9) 0000  0000000000000000 ( 218) PlusSaveR1      .FILL x0000
(30EA) 0000  0000000000000000 ( 219) PlusSaveR5      .FILL x0000
(30EB) 0000  0000000000000000 ( 220) PlusSaveR7      .FILL x0000
(30EC) 000A  0000000000001010 ( 221) PlusPrompt      .FILL x000A
(30ED) 005B  0000000001011011 ( 222)                 .FILL x005B
(30EE) 0050  0000000001010000 ( 222)                 .FILL x0050
(30EF) 006C  0000000001101100 ( 222)                 .FILL x006C
(30F0) 0075  0000000001110101 ( 222)                 .FILL x0075
(30F1) 0073  0000000001110011 ( 222)                 .FILL x0073
(30F2) 005D  0000000001011101 ( 222)                 .FILL x005D
(30F3) 0000  0000000000000000 ( 222)                 .FILL x0000
(30F4) 3030  0011000000110000 ( 227) Time            ST    R0 TimeSaveR0
(30F5) 3230  0011001000110000 ( 228)                 ST    R1 TimeSaveR1
(30F6) 3430  0011010000110000 ( 229)                 ST    R2 TimeSaveR2
(30F7) 3630  0011011000110000 ( 230)                 ST    R3 TimeSaveR3
(30F8) 3A30  0011101000110000 ( 231)                 ST    R5 TimeSaveR5
(30F9) 3E30  0011111000110000 ( 232)                 ST    R7 TimeSaveR7
(30FA) 49E7  0100100111100111 ( 233)                 JSR   POP
(30FB) 1B60  0001101101100000 ( 234)                 ADD   R5 R5 #0
(30FC) 021D  0000001000011101 ( 235)                 BRP   TimeAbsent
(30FD) 1220  0001001000100000 ( 236)                 ADD   R1 R0 #0
(30FE) 49E3  0100100111100011 ( 237)                 JSR   POP
(30FF) 1B60  0001101101100000 ( 238)                 ADD   R5 R5 #0
(3100) 0218  0000001000011000 ( 239)                 BRP   TimeBack
(3101) 56E0  0101011011100000 ( 240)                 AND   R3 R3 #0
(3102) 1420  0001010000100000 ( 241)                 ADD   R2 R0 #0
(3103) 0603  0000011000000011 ( 242)                 BRZP  TimeStart
(3104) 16E1  0001011011100001 ( 243)                 ADD   R3 R3 #1
(3105) 94BF  1001010010111111 ( 244)                 NOT   R2 R2
(3106) 14A1  0001010010100001 ( 245)                 ADD   R2 R2 #1
(3107) 5020  0101000000100000 ( 246) TimeStart       AND   R0 R0 #0
(3108) 14A0  0001010010100000 ( 247)                 ADD   R2 R2 #0
(3109) 040A  0000010000001010 ( 248)                 BRZ   TimePush
(310A) 1001  0001000000000001 ( 249) TimeLoop        ADD   R0 R0 R1
(310B) 14BF  0001010010111111 ( 250)                 ADD   R2 R2 #-1
(310C) 03FD  0000001111111101 ( 251)                 BRP   TimeLoop
(310D) 4FA4  0100111110100100 ( 252)                 JSR   RangeCheck
(310E) 1B60  0001101101100000 ( 253)                 ADD   R5 R5 #0
(310F) 0206  0000001000000110 ( 254)                 BRP   TimeExceed
(3110) 16E0  0001011011100000 ( 255)                 ADD   R3 R3 #0
(3111) 0402  0000010000000010 ( 256)                 BRZ   TimePush
(3112) 903F  1001000000111111 ( 257)                 NOT   R0 R0
(3113) 1021  0001000000100001 ( 258)                 ADD   R0 R0 #1
(3114) 49F7  0100100111110111 ( 259) TimePush        JSR   PUSH
(3115) 0E06  0000111000000110 ( 260)                 BRNZP TimeFinish
(3116) 1DBF  0001110110111111 ( 261) TimeExceed      ADD   R6 R6 #-1
(3117) 1DBF  0001110110111111 ( 262)                 ADD   R6 R6 #-1
(3118) 0E03  0000111000000011 ( 263)                 BRNZP TimeFinish
(3119) 1DBF  0001110110111111 ( 264) TimeBack        ADD   R6 R6 #-1
(311A) E06F  1110000001101111 ( 265) TimeAbsent      LEA   R0 CountError
(311B) F022  1111000000100010 ( 266)                 TRAP  x22
(311C) E00E  1110000000001110 ( 267) TimeFinish      LEA   R0 TimePrompt
(311D) F022  1111000000100010 ( 268)                 TRAP  x22
(311E) 2006  0010000000000110 ( 269)                 LD    R0 TimeSaveR0
(311F) 2206  0010001000000110 ( 270)                 LD    R1 TimeSaveR1
(3120) 2406  0010010000000110 ( 271)                 LD    R2 TimeSaveR2
(3121) 2606  0010011000000110 ( 272)                 LD    R3 TimeSaveR3
(3122) 2A06  0010101000000110 ( 273)                 LD    R5 TimeSaveR5
(3123) 2E06  0010111000000110 ( 274)                 LD    R7 TimeSaveR7
(3124) C1C0  1100000111000000 ( 275)                 RET   
(3125) 0000  0000000000000000 ( 276) TimeSaveR0      .FILL x0000
(3126) 0000  0000000000000000 ( 277) TimeSaveR1      .FILL x0000
(3127) 0000  0000000000000000 ( 278) TimeSaveR2      .FILL x0000
(3128) 0000  0000000000000000 ( 279) TimeSaveR3      .FILL x0000
(3129) 0000  0000000000000000 ( 280) TimeSaveR5      .FILL x0000
(312A) 0000  0000000000000000 ( 281) TimeSaveR7      .FILL x0000
(312B) 000A  0000000000001010 ( 282) TimePrompt      .FILL x000A
(312C) 005B  0000000001011011 ( 283)                 .FILL x005B
(312D) 004D  0000000001001101 ( 283)                 .FILL x004D
(312E) 0075  0000000001110101 ( 283)                 .FILL x0075
(312F) 006C  0000000001101100 ( 283)                 .FILL x006C
(3130) 0074  0000000001110100 ( 283)                 .FILL x0074
(3131) 0069  0000000001101001 ( 283)                 .FILL x0069
(3132) 0070  0000000001110000 ( 283)                 .FILL x0070
(3133) 006C  0000000001101100 ( 283)                 .FILL x006C
(3134) 0079  0000000001111001 ( 283)                 .FILL x0079
(3135) 005D  0000000001011101 ( 283)                 .FILL x005D
(3136) 0000  0000000000000000 ( 283)                 .FILL x0000
(3137) 3011  0011000000010001 ( 288) Nega            ST    R0 NegaSaveR0
(3138) 3A11  0011101000010001 ( 289)                 ST    R5 NegaSaveR5
(3139) 3E11  0011111000010001 ( 290)                 ST    R7 NegaSaveR7
(313A) 49A7  0100100110100111 ( 291)                 JSR   POP
(313B) 1B60  0001101101100000 ( 292)                 ADD   R5 R5 #0
(313C) 0204  0000001000000100 ( 293)                 BRP   NegaAbsent
(313D) 903F  1001000000111111 ( 294)                 NOT   R0 R0
(313E) 1021  0001000000100001 ( 295)                 ADD   R0 R0 #1
(313F) 49CC  0100100111001100 ( 296)                 JSR   PUSH
(3140) 0E02  0000111000000010 ( 297)                 BRNZP NegaFinish
(3141) E048  1110000001001000 ( 298) NegaAbsent      LEA   R0 CountError
(3142) F022  1111000000100010 ( 299)                 TRAP  x22
(3143) E008  1110000000001000 ( 300) NegaFinish      LEA   R0 NegaPrompt
(3144) F022  1111000000100010 ( 301)                 TRAP  x22
(3145) 2003  0010000000000011 ( 302)                 LD    R0 NegaSaveR0
(3146) 2A03  0010101000000011 ( 303)                 LD    R5 NegaSaveR5
(3147) 2E03  0010111000000011 ( 304)                 LD    R7 NegaSaveR7
(3148) C1C0  1100000111000000 ( 305)                 RET   
(3149) 0000  0000000000000000 ( 306) NegaSaveR0      .FILL x0000
(314A) 0000  0000000000000000 ( 307) NegaSaveR5      .FILL x0000
(314B) 0000  0000000000000000 ( 308) NegaSaveR7      .FILL x0000
(314C) 000A  0000000000001010 ( 309) NegaPrompt      .FILL x000A
(314D) 005B  0000000001011011 ( 310)                 .FILL x005B
(314E) 004E  0000000001001110 ( 310)                 .FILL x004E
(314F) 0065  0000000001100101 ( 310)                 .FILL x0065
(3150) 0067  0000000001100111 ( 310)                 .FILL x0067
(3151) 0061  0000000001100001 ( 310)                 .FILL x0061
(3152) 0074  0000000001110100 ( 310)                 .FILL x0074
(3153) 0065  0000000001100101 ( 310)                 .FILL x0065
(3154) 005D  0000000001011101 ( 310)                 .FILL x005D
(3155) 0000  0000000000000000 ( 310)                 .FILL x0000
(3156) 306D  0011000001101101 ( 315) DIV             ST    R0 DIVSaveR0
(3157) 326D  0011001001101101 ( 316)                 ST    R1 DIVSaveR1
(3158) 346D  0011010001101101 ( 317)                 ST    R2 DIVSaveR2
(3159) 3A6D  0011101001101101 ( 318)                 ST    R5 DIVSaveR5
(315A) 3E6D  0011111001101101 ( 319)                 ST    R7 DIVSaveR7
(315B) 4986  0100100110000110 ( 320)                 JSR   POP
(315C) 1B60  0001101101100000 ( 321)                 ADD   R5 R5 #0
(315D) 0222  0000001000100010 ( 322)                 BRP   DIVAbsent
(315E) 1220  0001001000100000 ( 323)                 ADD   R1 R0 #0
(315F) 4982  0100100110000010 ( 324)                 JSR   POP
(3160) 1B60  0001101101100000 ( 325)                 ADD   R5 R5 #0
(3161) 021D  0000001000011101 ( 326)                 BRP   DIVBack
(3162) 1420  0001010000100000 ( 327)                 ADD   R2 R0 #0
(3163) 0416  0000010000010110 ( 328)                 BRZ   DIVIllegal
(3164) 0204  0000001000000100 ( 329)                 BRP   DIVStart
(3165) 927F  1001001001111111 ( 330)                 NOT   R1 R1
(3166) 1261  0001001001100001 ( 331)                 ADD   R1 R1 #1
(3167) 94BF  1001010010111111 ( 332)                 NOT   R2 R2
(3168) 14A1  0001010010100001 ( 333)                 ADD   R2 R2 #1
(3169) 5020  0101000000100000 ( 334) DIVStart        AND   R0 R0 #0
(316A) 1260  0001001001100000 ( 335)                 ADD   R1 R1 #0
(316B) 0202  0000001000000010 ( 336)                 BRP   DIVPlus
(316C) 0807  0000100000000111 ( 337)                 BRN   DIVMinus
(316D) 0E0A  0000111000001010 ( 338)                 BRNZP DIVPush
(316E) 94BF  1001010010111111 ( 339) DIVPlus         NOT   R2 R2
(316F) 14A1  0001010010100001 ( 340)                 ADD   R2 R2 #1
(3170) 1242  0001001001000010 ( 341) DIVLoop         ADD   R1 R1 R2
(3171) 0806  0000100000000110 ( 342)                 BRN   DIVPush
(3172) 1021  0001000000100001 ( 343)                 ADD   R0 R0 #1
(3173) 0FFC  0000111111111100 ( 344)                 BRNZP DIVLoop
(3174) 103F  0001000000111111 ( 345) DIVMinus        ADD   R0 R0 #-1
(3175) 1242  0001001001000010 ( 346)                 ADD   R1 R1 R2
(3176) 0601  0000011000000001 ( 347)                 BRZP  DIVPush
(3177) 0FFC  0000111111111100 ( 348)                 BRNZP DIVMinus
(3178) 4993  0100100110010011 ( 349) DIVPush         JSR   PUSH
(3179) 0E08  0000111000001000 ( 350)                 BRNZP DIVFinish
(317A) E058  1110000001011000 ( 351) DIVIllegal      LEA   R0 DivideZero
(317B) F022  1111000000100010 ( 352)                 TRAP  x22
(317C) 1DBF  0001110110111111 ( 353)                 ADD   R6 R6 #-1
(317D) 1DBF  0001110110111111 ( 354)                 ADD   R6 R6 #-1
(317E) 0E03  0000111000000011 ( 355)                 BRNZP DIVFinish
(317F) 1DBF  0001110110111111 ( 356) DIVBack         ADD   R6 R6 #-1
(3180) E009  1110000000001001 ( 357) DIVAbsent       LEA   R0 CountError
(3181) F022  1111000000100010 ( 358)                 TRAP  x22
(3182) E046  1110000001000110 ( 359) DIVFinish       LEA   R0 DIVPrompt
(3183) F022  1111000000100010 ( 360)                 TRAP  x22
(3184) 203F  0010000000111111 ( 361)                 LD    R0 DIVSaveR0
(3185) 223F  0010001000111111 ( 362)                 LD    R1 DIVSaveR1
(3186) 243F  0010010000111111 ( 363)                 LD    R2 DIVSaveR2
(3187) 2A3F  0010101000111111 ( 364)                 LD    R5 DIVSaveR5
(3188) 2E3F  0010111000111111 ( 365)                 LD    R7 DIVSaveR7
(3189) C1C0  1100000111000000 ( 366)                 RET   
(318A) 000A  0000000000001010 ( 368) CountError      .FILL x000A
(318B) 005B  0000000001011011 ( 369)                 .FILL x005B
(318C) 0045  0000000001000101 ( 369)                 .FILL x0045
(318D) 0072  0000000001110010 ( 369)                 .FILL x0072
(318E) 0072  0000000001110010 ( 369)                 .FILL x0072
(318F) 006F  0000000001101111 ( 369)                 .FILL x006F
(3190) 0072  0000000001110010 ( 369)                 .FILL x0072
(3191) 005D  0000000001011101 ( 369)                 .FILL x005D
(3192) 0020  0000000000100000 ( 369)                 .FILL x0020
(3193) 006E  0000000001101110 ( 369)                 .FILL x006E
(3194) 006F  0000000001101111 ( 369)                 .FILL x006F
(3195) 0074  0000000001110100 ( 369)                 .FILL x0074
(3196) 0020  0000000000100000 ( 369)                 .FILL x0020
(3197) 0065  0000000001100101 ( 369)                 .FILL x0065
(3198) 006E  0000000001101110 ( 369)                 .FILL x006E
(3199) 006F  0000000001101111 ( 369)                 .FILL x006F
(319A) 0075  0000000001110101 ( 369)                 .FILL x0075
(319B) 0067  0000000001100111 ( 369)                 .FILL x0067
(319C) 0068  0000000001101000 ( 369)                 .FILL x0068
(319D) 0020  0000000000100000 ( 369)                 .FILL x0020
(319E) 006F  0000000001101111 ( 369)                 .FILL x006F
(319F) 0070  0000000001110000 ( 369)                 .FILL x0070
(31A0) 0065  0000000001100101 ( 369)                 .FILL x0065
(31A1) 0072  0000000001110010 ( 369)                 .FILL x0072
(31A2) 0061  0000000001100001 ( 369)                 .FILL x0061
(31A3) 006E  0000000001101110 ( 369)                 .FILL x006E
(31A4) 0064  0000000001100100 ( 369)                 .FILL x0064
(31A5) 0073  0000000001110011 ( 369)                 .FILL x0073
(31A6) 0000  0000000000000000 ( 369)                 .FILL x0000
(31A7) 000A  0000000000001010 ( 370) RangeError      .FILL x000A
(31A8) 005B  0000000001011011 ( 371)                 .FILL x005B
(31A9) 0045  0000000001000101 ( 371)                 .FILL x0045
(31AA) 0072  0000000001110010 ( 371)                 .FILL x0072
(31AB) 0072  0000000001110010 ( 371)                 .FILL x0072
(31AC) 006F  0000000001101111 ( 371)                 .FILL x006F
(31AD) 0072  0000000001110010 ( 371)                 .FILL x0072
(31AE) 005D  0000000001011101 ( 371)                 .FILL x005D
(31AF) 0020  0000000000100000 ( 371)                 .FILL x0020
(31B0) 0072  0000000001110010 ( 371)                 .FILL x0072
(31B1) 0061  0000000001100001 ( 371)                 .FILL x0061
(31B2) 006E  0000000001101110 ( 371)                 .FILL x006E
(31B3) 0067  0000000001100111 ( 371)                 .FILL x0067
(31B4) 0065  0000000001100101 ( 371)                 .FILL x0065
(31B5) 0020  0000000000100000 ( 371)                 .FILL x0020
(31B6) 006C  0000000001101100 ( 371)                 .FILL x006C
(31B7) 0069  0000000001101001 ( 371)                 .FILL x0069
(31B8) 006D  0000000001101101 ( 371)                 .FILL x006D
(31B9) 0069  0000000001101001 ( 371)                 .FILL x0069
(31BA) 0074  0000000001110100 ( 371)                 .FILL x0074
(31BB) 0020  0000000000100000 ( 371)                 .FILL x0020
(31BC) 0065  0000000001100101 ( 371)                 .FILL x0065
(31BD) 0078  0000000001111000 ( 371)                 .FILL x0078
(31BE) 0063  0000000001100011 ( 371)                 .FILL x0063
(31BF) 0065  0000000001100101 ( 371)                 .FILL x0065
(31C0) 0065  0000000001100101 ( 371)                 .FILL x0065
(31C1) 0064  0000000001100100 ( 371)                 .FILL x0064
(31C2) 0073  0000000001110011 ( 371)                 .FILL x0073
(31C3) 0000  0000000000000000 ( 371)                 .FILL x0000
(31C4) 0000  0000000000000000 ( 372) DIVSaveR0       .FILL x0000
(31C5) 0000  0000000000000000 ( 373) DIVSaveR1       .FILL x0000
(31C6) 0000  0000000000000000 ( 374) DIVSaveR2       .FILL x0000
(31C7) 0000  0000000000000000 ( 375) DIVSaveR5       .FILL x0000
(31C8) 0000  0000000000000000 ( 376) DIVSaveR7       .FILL x0000
(31C9) 000A  0000000000001010 ( 377) DIVPrompt       .FILL x000A
(31CA) 005B  0000000001011011 ( 378)                 .FILL x005B
(31CB) 0044  0000000001000100 ( 378)                 .FILL x0044
(31CC) 0069  0000000001101001 ( 378)                 .FILL x0069
(31CD) 0076  0000000001110110 ( 378)                 .FILL x0076
(31CE) 0069  0000000001101001 ( 378)                 .FILL x0069
(31CF) 0064  0000000001100100 ( 378)                 .FILL x0064
(31D0) 0065  0000000001100101 ( 378)                 .FILL x0065
(31D1) 005D  0000000001011101 ( 378)                 .FILL x005D
(31D2) 0000  0000000000000000 ( 378)                 .FILL x0000
(31D3) 000A  0000000000001010 ( 379) DivideZero      .FILL x000A
(31D4) 005B  0000000001011011 ( 380)                 .FILL x005B
(31D5) 0045  0000000001000101 ( 380)                 .FILL x0045
(31D6) 0072  0000000001110010 ( 380)                 .FILL x0072
(31D7) 0072  0000000001110010 ( 380)                 .FILL x0072
(31D8) 006F  0000000001101111 ( 380)                 .FILL x006F
(31D9) 0072  0000000001110010 ( 380)                 .FILL x0072
(31DA) 005D  0000000001011101 ( 380)                 .FILL x005D
(31DB) 0020  0000000000100000 ( 380)                 .FILL x0020
(31DC) 0064  0000000001100100 ( 380)                 .FILL x0064
(31DD) 0069  0000000001101001 ( 380)                 .FILL x0069
(31DE) 0076  0000000001110110 ( 380)                 .FILL x0076
(31DF) 0069  0000000001101001 ( 380)                 .FILL x0069
(31E0) 0064  0000000001100100 ( 380)                 .FILL x0064
(31E1) 0065  0000000001100101 ( 380)                 .FILL x0065
(31E2) 0020  0000000000100000 ( 380)                 .FILL x0020
(31E3) 0062  0000000001100010 ( 380)                 .FILL x0062
(31E4) 0079  0000000001111001 ( 380)                 .FILL x0079
(31E5) 0020  0000000000100000 ( 380)                 .FILL x0020
(31E6) 007A  0000000001111010 ( 380)                 .FILL x007A
(31E7) 0065  0000000001100101 ( 380)                 .FILL x0065
(31E8) 0072  0000000001110010 ( 380)                 .FILL x0072
(31E9) 006F  0000000001101111 ( 380)                 .FILL x006F
(31EA) 0000  0000000000000000 ( 380)                 .FILL x0000
(31EB) 3033  0011000000110011 ( 385) MOD             ST    R0 MODSaveR0
(31EC) 3233  0011001000110011 ( 386)                 ST    R1 MODSaveR1
(31ED) 3433  0011010000110011 ( 387)                 ST    R2 MODSaveR2
(31EE) 3A33  0011101000110011 ( 388)                 ST    R5 MODSaveR5
(31EF) 3E33  0011111000110011 ( 389)                 ST    R7 MODSaveR7
(31F0) 48F1  0100100011110001 ( 390)                 JSR   POP
(31F1) 1B60  0001101101100000 ( 391)                 ADD   R5 R5 #0
(31F2) 0222  0000001000100010 ( 392)                 BRP   MODAbsent
(31F3) 1220  0001001000100000 ( 393)                 ADD   R1 R0 #0
(31F4) 48ED  0100100011101101 ( 394)                 JSR   POP
(31F5) 1B60  0001101101100000 ( 395)                 ADD   R5 R5 #0
(31F6) 021D  0000001000011101 ( 396)                 BRP   MODBack
(31F7) 1420  0001010000100000 ( 397)                 ADD   R2 R0 #0
(31F8) 0416  0000010000010110 ( 398)                 BRZ   MODIllegal
(31F9) 0204  0000001000000100 ( 399)                 BRP   MODStart
(31FA) 927F  1001001001111111 ( 400)                 NOT   R1 R1
(31FB) 1261  0001001001100001 ( 401)                 ADD   R1 R1 #1
(31FC) 94BF  1001010010111111 ( 402)                 NOT   R2 R2
(31FD) 14A1  0001010010100001 ( 403)                 ADD   R2 R2 #1
(31FE) 5020  0101000000100000 ( 404) MODStart        AND   R0 R0 #0
(31FF) 1260  0001001001100000 ( 405)                 ADD   R1 R1 #0
(3200) 0202  0000001000000010 ( 406)                 BRP   MODPlus
(3201) 0807  0000100000000111 ( 407)                 BRN   MODMinus
(3202) 0E09  0000111000001001 ( 408)                 BRNZP MODPush
(3203) 94BF  1001010010111111 ( 409) MODPlus         NOT   R2 R2
(3204) 14A1  0001010010100001 ( 410)                 ADD   R2 R2 #1
(3205) 1042  0001000001000010 ( 411) MODLoop         ADD   R0 R1 R2
(3206) 0805  0000100000000101 ( 412)                 BRN   MODPush
(3207) 1220  0001001000100000 ( 413)                 ADD   R1 R0 #0
(3208) 0FFC  0000111111111100 ( 414)                 BRNZP MODLoop
(3209) 1242  0001001001000010 ( 415) MODMinus        ADD   R1 R1 R2
(320A) 0601  0000011000000001 ( 416)                 BRZP  MODPush
(320B) 0FFD  0000111111111101 ( 417)                 BRNZP MODMinus
(320C) 1060  0001000001100000 ( 418) MODPush         ADD   R0 R1 #0
(320D) 48FE  0100100011111110 ( 419)                 JSR   PUSH
(320E) 0E08  0000111000001000 ( 420)                 BRNZP MODFinish
(320F) E1C3  1110000111000011 ( 421) MODIllegal      LEA   R0 DivideZero
(3210) F022  1111000000100010 ( 422)                 TRAP  x22
(3211) 1DBF  0001110110111111 ( 423)                 ADD   R6 R6 #-1
(3212) 1DBF  0001110110111111 ( 424)                 ADD   R6 R6 #-1
(3213) 0E03  0000111000000011 ( 425)                 BRNZP MODFinish
(3214) 1DBF  0001110110111111 ( 426) MODBack         ADD   R6 R6 #-1
(3215) E174  1110000101110100 ( 427) MODAbsent       LEA   R0 CountError
(3216) F022  1111000000100010 ( 428)                 TRAP  x22
(3217) E00C  1110000000001100 ( 429) MODFinish       LEA   R0 MODPrompt
(3218) F022  1111000000100010 ( 430)                 TRAP  x22
(3219) 2005  0010000000000101 ( 431)                 LD    R0 MODSaveR0
(321A) 2205  0010001000000101 ( 432)                 LD    R1 MODSaveR1
(321B) 2405  0010010000000101 ( 433)                 LD    R2 MODSaveR2
(321C) 2A05  0010101000000101 ( 434)                 LD    R5 MODSaveR5
(321D) 2E05  0010111000000101 ( 435)                 LD    R7 MODSaveR7
(321E) C1C0  1100000111000000 ( 436)                 RET   
(321F) 0000  0000000000000000 ( 437) MODSaveR0       .FILL x0000
(3220) 0000  0000000000000000 ( 438) MODSaveR1       .FILL x0000
(3221) 0000  0000000000000000 ( 439) MODSaveR2       .FILL x0000
(3222) 0000  0000000000000000 ( 440) MODSaveR5       .FILL x0000
(3223) 0000  0000000000000000 ( 441) MODSaveR7       .FILL x0000
(3224) 000A  0000000000001010 ( 442) MODPrompt       .FILL x000A
(3225) 005B  0000000001011011 ( 443)                 .FILL x005B
(3226) 004D  0000000001001101 ( 443)                 .FILL x004D
(3227) 006F  0000000001101111 ( 443)                 .FILL x006F
(3228) 0064  0000000001100100 ( 443)                 .FILL x0064
(3229) 0075  0000000001110101 ( 443)                 .FILL x0075
(322A) 006C  0000000001101100 ( 443)                 .FILL x006C
(322B) 0061  0000000001100001 ( 443)                 .FILL x0061
(322C) 0072  0000000001110010 ( 443)                 .FILL x0072
(322D) 005D  0000000001011101 ( 443)                 .FILL x005D
(322E) 0000  0000000000000000 ( 443)                 .FILL x0000
(322F) 3020  0011000000100000 ( 448) XOR             ST    R0 XORSaveR0
(3230) 3220  0011001000100000 ( 449)                 ST    R1 XORSaveR1
(3231) 3420  0011010000100000 ( 450)                 ST    R2 XORSaveR2
(3232) 3A20  0011101000100000 ( 451)                 ST    R5 XORSaveR5
(3233) 3E20  0011111000100000 ( 452)                 ST    R7 XORSaveR7
(3234) 48AD  0100100010101101 ( 453)                 JSR   POP
(3235) 1B60  0001101101100000 ( 454)                 ADD   R5 R5 #0
(3236) 020F  0000001000001111 ( 455)                 BRP   XORAbsent
(3237) 1220  0001001000100000 ( 456)                 ADD   R1 R0 #0
(3238) 48A9  0100100010101001 ( 457)                 JSR   POP
(3239) 1B60  0001101101100000 ( 458)                 ADD   R5 R5 #0
(323A) 020A  0000001000001010 ( 459)                 BRP   XORBack
(323B) 943F  1001010000111111 ( 460)                 NOT   R2 R0
(323C) 5481  0101010010000001 ( 461)                 AND   R2 R2 R1
(323D) 94BF  1001010010111111 ( 462)                 NOT   R2 R2
(323E) 9A7F  1001101001111111 ( 463)                 NOT   R5 R1
(323F) 5B40  0101101101000000 ( 464)                 AND   R5 R5 R0
(3240) 9B7F  1001101101111111 ( 465)                 NOT   R5 R5
(3241) 5085  0101000010000101 ( 466)                 AND   R0 R2 R5
(3242) 903F  1001000000111111 ( 467)                 NOT   R0 R0
(3243) 48C8  0100100011001000 ( 468) XORPush         JSR   PUSH
(3244) 0E03  0000111000000011 ( 469)                 BRNZP XORFinish
(3245) 1DBF  0001110110111111 ( 470) XORBack         ADD   R6 R6 #-1
(3246) E143  1110000101000011 ( 471) XORAbsent       LEA   R0 CountError
(3247) F022  1111000000100010 ( 472)                 TRAP  x22
(3248) E00C  1110000000001100 ( 473) XORFinish       LEA   R0 XORPrompt
(3249) F022  1111000000100010 ( 474)                 TRAP  x22
(324A) 2005  0010000000000101 ( 475)                 LD    R0 XORSaveR0
(324B) 2205  0010001000000101 ( 476)                 LD    R1 XORSaveR1
(324C) 2405  0010010000000101 ( 477)                 LD    R2 XORSaveR2
(324D) 2A05  0010101000000101 ( 478)                 LD    R5 XORSaveR5
(324E) 2E05  0010111000000101 ( 479)                 LD    R7 XORSaveR7
(324F) C1C0  1100000111000000 ( 480)                 RET   
(3250) 0000  0000000000000000 ( 482) XORSaveR0       .FILL x0000
(3251) 0000  0000000000000000 ( 483) XORSaveR1       .FILL x0000
(3252) 0000  0000000000000000 ( 484) XORSaveR2       .FILL x0000
(3253) 0000  0000000000000000 ( 485) XORSaveR5       .FILL x0000
(3254) 0000  0000000000000000 ( 486) XORSaveR7       .FILL x0000
(3255) 000A  0000000000001010 ( 487) XORPrompt       .FILL x000A
(3256) 005B  0000000001011011 ( 488)                 .FILL x005B
(3257) 0045  0000000001000101 ( 488)                 .FILL x0045
(3258) 0078  0000000001111000 ( 488)                 .FILL x0078
(3259) 0063  0000000001100011 ( 488)                 .FILL x0063
(325A) 006C  0000000001101100 ( 488)                 .FILL x006C
(325B) 0075  0000000001110101 ( 488)                 .FILL x0075
(325C) 0064  0000000001100100 ( 488)                 .FILL x0064
(325D) 0065  0000000001100101 ( 488)                 .FILL x0065
(325E) 005D  0000000001011101 ( 488)                 .FILL x005D
(325F) 0000  0000000000000000 ( 488)                 .FILL x0000
(3260) 303B  0011000000111011 ( 493) Insert          ST    R0 ISaveR0
(3261) 323B  0011001000111011 ( 494)                 ST    R1 ISaveR1
(3262) 343B  0011010000111011 ( 495)                 ST    R2 ISaveR2
(3263) 363B  0011011000111011 ( 496)                 ST    R3 ISaveR3
(3264) 3A3B  0011101000111011 ( 497)                 ST    R5 ISaveR5
(3265) 3E3B  0011111000111011 ( 498)                 ST    R7 ISaveR7
(3266) 2278  0010001001111000 ( 499)                 LD    R1 BP3
(3267) 243A  0010010000111010 ( 500)                 LD    R2 DigitLimit
(3268) 263A  0010011000111010 ( 501) ILoop           LD    R3 EqualEnter
(3269) 16C0  0001011011000000 ( 502)                 ADD   R3 R3 R0
(326A) 0418  0000010000011000 ( 503)                 BRZ   ILegal
(326B) 14A0  0001010010100000 ( 504)                 ADD   R2 R2 #0
(326C) 041D  0000010000011101 ( 505)                 BRZ   IIllegal
(326D) 2636  0010011000110110 ( 506)                 LD    R3 EqualZero
(326E) 16C0  0001011011000000 ( 507)                 ADD   R3 R3 R0
(326F) 0809  0000100000001001 ( 508)                 BRN   ICrazy
(3270) 2634  0010011000110100 ( 509)                 LD    R3 EqualNine
(3271) 16C0  0001011011000000 ( 510)                 ADD   R3 R3 R0
(3272) 0206  0000001000000110 ( 511)                 BRP   ICrazy
(3273) 14BF  0001010010111111 ( 512)                 ADD   R2 R2 #-1
(3274) 7040  0111000001000000 ( 513)                 STR   R0 R1 #0
(3275) 1261  0001001001100001 ( 514)                 ADD   R1 R1 #1
(3276) F020  1111000000100000 ( 515)                 TRAP  x20
(3277) F021  1111000000100001 ( 516)                 TRAP  x21
(3278) 0FEF  0000111111101111 ( 517)                 BRNZP ILoop
(3279) F020  1111000000100000 ( 518) ICrazy          TRAP  x20
(327A) F021  1111000000100001 ( 519)                 TRAP  x21
(327B) 2627  0010011000100111 ( 520)                 LD    R3 EqualEnter
(327C) 16C0  0001011011000000 ( 521)                 ADD   R3 R3 R0
(327D) 0BFB  0000101111111011 ( 522)                 BRNP  ICrazy
(327E) E028  1110000000101000 ( 523)                 LEA   R0 CrazyPrompt
(327F) F022  1111000000100010 ( 524)                 TRAP  x22
(3280) 2025  0010000000100101 ( 525)                 LD    R0 INewLine
(3281) F021  1111000000100001 ( 526)                 TRAP  x21
(3282) 0E10  0000111000010000 ( 527)                 BRNZP IFinish
(3283) 245B  0010010001011011 ( 528) ILegal          LD    R2 BP3
(3284) 94BF  1001010010111111 ( 529)                 NOT   R2 R2
(3285) 14A1  0001010010100001 ( 530)                 ADD   R2 R2 #1
(3286) 1242  0001001001000010 ( 531)                 ADD   R1 R1 R2
(3287) 48B4  0100100010110100 ( 532)                 JSR   A2B
(3288) 4883  0100100010000011 ( 533)                 JSR   PUSH
(3289) 0E09  0000111000001001 ( 534)                 BRNZP IFinish
(328A) F020  1111000000100000 ( 535) IIllegal        TRAP  x20
(328B) F021  1111000000100001 ( 536)                 TRAP  x21
(328C) 2616  0010011000010110 ( 537)                 LD    R3 EqualEnter
(328D) 16C0  0001011011000000 ( 538)                 ADD   R3 R3 R0
(328E) 0BFB  0000101111111011 ( 539)                 BRNP  IIllegal
(328F) E02E  1110000000101110 ( 540)                 LEA   R0 LargePrompt
(3290) F022  1111000000100010 ( 541)                 TRAP  x22
(3291) 2014  0010000000010100 ( 542)                 LD    R0 INewLine
(3292) F021  1111000000100001 ( 543)                 TRAP  x21
(3293) E042  1110000001000010 ( 544) IFinish         LEA   R0 ValuePrompt
(3294) F022  1111000000100010 ( 545)                 TRAP  x22
(3295) 2006  0010000000000110 ( 546)                 LD    R0 ISaveR0
(3296) 2206  0010001000000110 ( 547)                 LD    R1 ISaveR1
(3297) 2406  0010010000000110 ( 548)                 LD    R2 ISaveR2
(3298) 2606  0010011000000110 ( 549)                 LD    R3 ISaveR3
(3299) 2A06  0010101000000110 ( 550)                 LD    R5 ISaveR5
(329A) 2E06  0010111000000110 ( 551)                 LD    R7 ISaveR7
(329B) C1C0  1100000111000000 ( 552)                 RET   
(329C) 0000  0000000000000000 ( 554) ISaveR0         .FILL x0000
(329D) 0000  0000000000000000 ( 555) ISaveR1         .FILL x0000
(329E) 0000  0000000000000000 ( 556) ISaveR2         .FILL x0000
(329F) 0000  0000000000000000 ( 557) ISaveR3         .FILL x0000
(32A0) 0000  0000000000000000 ( 558) ISaveR5         .FILL x0000
(32A1) 0000  0000000000000000 ( 559) ISaveR7         .FILL x0000
(32A2) 0003  0000000000000011 ( 560) DigitLimit      .FILL x0003
(32A3) FFF6  1111111111110110 ( 561) EqualEnter      .FILL xFFF6
(32A4) FFD0  1111111111010000 ( 562) EqualZero       .FILL xFFD0
(32A5) FFC7  1111111111000111 ( 563) EqualNine       .FILL xFFC7
(32A6) 000A  0000000000001010 ( 564) INewLine        .FILL x000A
(32A7) 005B  0000000001011011 ( 565) CrazyPrompt     .FILL x005B
(32A8) 0045  0000000001000101 ( 565)                 .FILL x0045
(32A9) 0072  0000000001110010 ( 565)                 .FILL x0072
(32AA) 0072  0000000001110010 ( 565)                 .FILL x0072
(32AB) 006F  0000000001101111 ( 565)                 .FILL x006F
(32AC) 0072  0000000001110010 ( 565)                 .FILL x0072
(32AD) 005D  0000000001011101 ( 565)                 .FILL x005D
(32AE) 0020  0000000000100000 ( 565)                 .FILL x0020
(32AF) 006E  0000000001101110 ( 565)                 .FILL x006E
(32B0) 006F  0000000001101111 ( 565)                 .FILL x006F
(32B1) 0074  0000000001110100 ( 565)                 .FILL x0074
(32B2) 0020  0000000000100000 ( 565)                 .FILL x0020
(32B3) 0061  0000000001100001 ( 565)                 .FILL x0061
(32B4) 006E  0000000001101110 ( 565)                 .FILL x006E
(32B5) 0020  0000000000100000 ( 565)                 .FILL x0020
(32B6) 0069  0000000001101001 ( 565)                 .FILL x0069
(32B7) 006E  0000000001101110 ( 565)                 .FILL x006E
(32B8) 0074  0000000001110100 ( 565)                 .FILL x0074
(32B9) 0065  0000000001100101 ( 565)                 .FILL x0065
(32BA) 0067  0000000001100111 ( 565)                 .FILL x0067
(32BB) 0065  0000000001100101 ( 565)                 .FILL x0065
(32BC) 0072  0000000001110010 ( 565)                 .FILL x0072
(32BD) 0000  0000000000000000 ( 565)                 .FILL x0000
(32BE) 005B  0000000001011011 ( 566) LargePrompt     .FILL x005B
(32BF) 0045  0000000001000101 ( 566)                 .FILL x0045
(32C0) 0072  0000000001110010 ( 566)                 .FILL x0072
(32C1) 0072  0000000001110010 ( 566)                 .FILL x0072
(32C2) 006F  0000000001101111 ( 566)                 .FILL x006F
(32C3) 0072  0000000001110010 ( 566)                 .FILL x0072
(32C4) 005D  0000000001011101 ( 566)                 .FILL x005D
(32C5) 0020  0000000000100000 ( 566)                 .FILL x0020
(32C6) 0074  0000000001110100 ( 566)                 .FILL x0074
(32C7) 006F  0000000001101111 ( 566)                 .FILL x006F
(32C8) 006F  0000000001101111 ( 566)                 .FILL x006F
(32C9) 0020  0000000000100000 ( 566)                 .FILL x0020
(32CA) 006C  0000000001101100 ( 566)                 .FILL x006C
(32CB) 0061  0000000001100001 ( 566)                 .FILL x0061
(32CC) 0072  0000000001110010 ( 566)                 .FILL x0072
(32CD) 0067  0000000001100111 ( 566)                 .FILL x0067
(32CE) 0065  0000000001100101 ( 566)                 .FILL x0065
(32CF) 0020  0000000000100000 ( 566)                 .FILL x0020
(32D0) 0076  0000000001110110 ( 566)                 .FILL x0076
(32D1) 0061  0000000001100001 ( 566)                 .FILL x0061
(32D2) 006C  0000000001101100 ( 566)                 .FILL x006C
(32D3) 0075  0000000001110101 ( 566)                 .FILL x0075
(32D4) 0065  0000000001100101 ( 566)                 .FILL x0065
(32D5) 0000  0000000000000000 ( 566)                 .FILL x0000
(32D6) 005B  0000000001011011 ( 567) ValuePrompt     .FILL x005B
(32D7) 0049  0000000001001001 ( 567)                 .FILL x0049
(32D8) 006E  0000000001101110 ( 567)                 .FILL x006E
(32D9) 0073  0000000001110011 ( 567)                 .FILL x0073
(32DA) 0065  0000000001100101 ( 567)                 .FILL x0065
(32DB) 0072  0000000001110010 ( 567)                 .FILL x0072
(32DC) 0074  0000000001110100 ( 567)                 .FILL x0074
(32DD) 005D  0000000001011101 ( 567)                 .FILL x005D
(32DE) 0000  0000000000000000 ( 567)                 .FILL x0000
(32DF) 33C3  0011001111000011 ( 568) BP3             .FILL x33C3
(32E0) 33B3  0011001110110011 ( 569) SH3             .FILL x33B3
(32E1) 33C2  0011001111000010 ( 570) SL3             .FILL x33C2
(32E2) 3E10  0011111000010000 ( 575) POP             ST    R7 POPSaveR7
(32E3) 21FD  0010000111111101 ( 576)                 LD    R0 SL3
(32E4) 1021  0001000000100001 ( 577)                 ADD   R0 R0 #1
(32E5) 903F  1001000000111111 ( 578)                 NOT   R0 R0
(32E6) 1021  0001000000100001 ( 579)                 ADD   R0 R0 #1
(32E7) 1006  0001000000000110 ( 580)                 ADD   R0 R0 R6
(32E8) 0404  0000010000000100 ( 581)                 BRZ   UnderFlow
(32E9) 6180  0110000110000000 ( 582) POPValid        LDR   R0 R6 #0
(32EA) 1DA1  0001110110100001 ( 583)                 ADD   R6 R6 #1
(32EB) 5B60  0101101101100000 ( 584)                 AND   R5 R5 #0
(32EC) 0E04  0000111000000100 ( 585)                 BRNZP POPFinish
(32ED) E006  1110000000000110 ( 586) UnderFlow       LEA   R0 UnderPrompt
(32EE) F022  1111000000100010 ( 587)                 TRAP  x22
(32EF) 5B60  0101101101100000 ( 588)                 AND   R5 R5 #0
(32F0) 1B61  0001101101100001 ( 589)                 ADD   R5 R5 #1
(32F1) 2E01  0010111000000001 ( 590) POPFinish       LD    R7 POPSaveR7
(32F2) C1C0  1100000111000000 ( 591)                 RET   
(32F3) 0000  0000000000000000 ( 593) POPSaveR7       .FILL x0000
(32F4) 000A  0000000000001010 ( 594) UnderPrompt     .FILL x000A
(32F5) 005B  0000000001011011 ( 595)                 .FILL x005B
(32F6) 0045  0000000001000101 ( 595)                 .FILL x0045
(32F7) 0072  0000000001110010 ( 595)                 .FILL x0072
(32F8) 0072  0000000001110010 ( 595)                 .FILL x0072
(32F9) 006F  0000000001101111 ( 595)                 .FILL x006F
(32FA) 0072  0000000001110010 ( 595)                 .FILL x0072
(32FB) 005D  0000000001011101 ( 595)                 .FILL x005D
(32FC) 0020  0000000000100000 ( 595)                 .FILL x0020
(32FD) 0073  0000000001110011 ( 595)                 .FILL x0073
(32FE) 0074  0000000001110100 ( 595)                 .FILL x0074
(32FF) 0061  0000000001100001 ( 595)                 .FILL x0061
(3300) 0063  0000000001100011 ( 595)                 .FILL x0063
(3301) 006B  0000000001101011 ( 595)                 .FILL x006B
(3302) 0020  0000000000100000 ( 595)                 .FILL x0020
(3303) 0069  0000000001101001 ( 595)                 .FILL x0069
(3304) 0073  0000000001110011 ( 595)                 .FILL x0073
(3305) 0020  0000000000100000 ( 595)                 .FILL x0020
(3306) 0065  0000000001100101 ( 595)                 .FILL x0065
(3307) 006D  0000000001101101 ( 595)                 .FILL x006D
(3308) 0070  0000000001110000 ( 595)                 .FILL x0070
(3309) 0074  0000000001110100 ( 595)                 .FILL x0074
(330A) 0079  0000000001111001 ( 595)                 .FILL x0079
(330B) 0000  0000000000000000 ( 595)                 .FILL x0000
(330C) 3015  0011000000010101 ( 600) PUSH            ST    R0 PUSHSaveR0
(330D) 3215  0011001000010101 ( 601)                 ST    R1 PUSHSaveR1
(330E) 3E15  0011111000010101 ( 602)                 ST    R7 PUSHSaveR7
(330F) 23D0  0010001111010000 ( 603)                 LD    R1 SH3
(3310) 927F  1001001001111111 ( 604)                 NOT   R1 R1
(3311) 1261  0001001001100001 ( 605)                 ADD   R1 R1 #1
(3312) 1246  0001001001000110 ( 606)                 ADD   R1 R1 R6
(3313) 0404  0000010000000100 ( 607)                 BRZ   OverFlow
(3314) 1DBF  0001110110111111 ( 608) PUSHValid       ADD   R6 R6 #-1
(3315) 7180  0111000110000000 ( 609)                 STR   R0 R6 #0
(3316) 5B60  0101101101100000 ( 610)                 AND   R5 R5 #0
(3317) 0E06  0000111000000110 ( 611)                 BRNZP PUSHFinish
(3318) E00D  1110000000001101 ( 612) OverFlow        LEA   R0 OverPrompt
(3319) F022  1111000000100010 ( 613)                 TRAP  x22
(331A) 200A  0010000000001010 ( 614)                 LD    R0 PUSHNewLine
(331B) F021  1111000000100001 ( 615)                 TRAP  x21
(331C) 5B60  0101101101100000 ( 616)                 AND   R5 R5 #0
(331D) 1B61  0001101101100001 ( 617)                 ADD   R5 R5 #1
(331E) 2003  0010000000000011 ( 618) PUSHFinish      LD    R0 PUSHSaveR0
(331F) 2203  0010001000000011 ( 619)                 LD    R1 PUSHSaveR1
(3320) 2E03  0010111000000011 ( 620)                 LD    R7 PUSHSaveR7
(3321) C1C0  1100000111000000 ( 621)                 RET   
(3322) 0000  0000000000000000 ( 623) PUSHSaveR0      .FILL x0000
(3323) 0000  0000000000000000 ( 624) PUSHSaveR1      .FILL x0000
(3324) 0000  0000000000000000 ( 625) PUSHSaveR7      .FILL x0000
(3325) 000A  0000000000001010 ( 626) PUSHNewLine     .FILL x000A
(3326) 005B  0000000001011011 ( 627) OverPrompt      .FILL x005B
(3327) 0045  0000000001000101 ( 627)                 .FILL x0045
(3328) 0072  0000000001110010 ( 627)                 .FILL x0072
(3329) 0072  0000000001110010 ( 627)                 .FILL x0072
(332A) 006F  0000000001101111 ( 627)                 .FILL x006F
(332B) 0072  0000000001110010 ( 627)                 .FILL x0072
(332C) 005D  0000000001011101 ( 627)                 .FILL x005D
(332D) 0020  0000000000100000 ( 627)                 .FILL x0020
(332E) 0073  0000000001110011 ( 627)                 .FILL x0073
(332F) 0074  0000000001110100 ( 627)                 .FILL x0074
(3330) 0061  0000000001100001 ( 627)                 .FILL x0061
(3331) 0063  0000000001100011 ( 627)                 .FILL x0063
(3332) 006B  0000000001101011 ( 627)                 .FILL x006B
(3333) 0020  0000000000100000 ( 627)                 .FILL x0020
(3334) 0069  0000000001101001 ( 627)                 .FILL x0069
(3335) 0073  0000000001110011 ( 627)                 .FILL x0073
(3336) 0020  0000000000100000 ( 627)                 .FILL x0020
(3337) 0066  0000000001100110 ( 627)                 .FILL x0066
(3338) 0075  0000000001110101 ( 627)                 .FILL x0075
(3339) 006C  0000000001101100 ( 627)                 .FILL x006C
(333A) 006C  0000000001101100 ( 627)                 .FILL x006C
(333B) 0000  0000000000000000 ( 627)                 .FILL x0000
(333C) 3229  0011001000101001 ( 632) A2B             ST    R1 A2BSaveR1
(333D) 3429  0011010000101001 ( 633)                 ST    R2 A2BSaveR2
(333E) 3629  0011011000101001 ( 634)                 ST    R3 A2BSaveR3
(333F) 3829  0011100000101001 ( 635)                 ST    R4 A2BSaveR4
(3340) 3A29  0011101000101001 ( 636)                 ST    R5 A2BSaveR5
(3341) 3E29  0011111000101001 ( 637)                 ST    R7 A2BSaveR7
(3342) 5020  0101000000100000 ( 638)                 AND   R0 R0 #0
(3343) 1260  0001001001100000 ( 639)                 ADD   R1 R1 #0
(3344) 041A  0000010000011010 ( 640)                 BRZ   A2BFinish
(3345) 2626  0010011000100110 ( 641)                 LD    R3 A2BOffset
(3346) 2598  0010010110011000 ( 642)                 LD    R2 BP3
(3347) 127F  0001001001111111 ( 643) A2BBit1         ADD   R1 R1 #-1
(3348) 1481  0001010010000001 ( 644)                 ADD   R2 R2 R1
(3349) 6880  0110100010000000 ( 645)                 LDR   R4 R2 #0
(334A) 1903  0001100100000011 ( 646)                 ADD   R4 R4 R3
(334B) 1004  0001000000000100 ( 647)                 ADD   R0 R0 R4
(334C) 1260  0001001001100000 ( 648)                 ADD   R1 R1 #0
(334D) 0411  0000010000010001 ( 649)                 BRZ   A2BFinish
(334E) 127F  0001001001111111 ( 650) A2BBit10        ADD   R1 R1 #-1
(334F) 14BF  0001010010111111 ( 651)                 ADD   R2 R2 #-1
(3350) 6880  0110100010000000 ( 652)                 LDR   R4 R2 #0
(3351) 1903  0001100100000011 ( 653)                 ADD   R4 R4 R3
(3352) EA4C  1110101001001100 ( 654)                 LEA   R5 Time10
(3353) 1B44  0001101101000100 ( 655)                 ADD   R5 R5 R4
(3354) 6940  0110100101000000 ( 656)                 LDR   R4 R5 #0
(3355) 1004  0001000000000100 ( 657)                 ADD   R0 R0 R4
(3356) 1260  0001001001100000 ( 658)                 ADD   R1 R1 #0
(3357) 0407  0000010000000111 ( 659)                 BRZ   A2BFinish
(3358) 14BF  0001010010111111 ( 660) A2BBit100       ADD   R2 R2 #-1
(3359) 6880  0110100010000000 ( 661)                 LDR   R4 R2 #0
(335A) 1903  0001100100000011 ( 662)                 ADD   R4 R4 R3
(335B) EA4D  1110101001001101 ( 663)                 LEA   R5 Time100
(335C) 1B44  0001101101000100 ( 664)                 ADD   R5 R5 R4
(335D) 6940  0110100101000000 ( 665)                 LDR   R4 R5 #0
(335E) 1004  0001000000000100 ( 666)                 ADD   R0 R0 R4
(335F) 2206  0010001000000110 ( 667) A2BFinish       LD    R1 A2BSaveR1
(3360) 2406  0010010000000110 ( 668)                 LD    R2 A2BSaveR2
(3361) 2606  0010011000000110 ( 669)                 LD    R3 A2BSaveR3
(3362) 2806  0010100000000110 ( 670)                 LD    R4 A2BSaveR4
(3363) 2A06  0010101000000110 ( 671)                 LD    R5 A2BSaveR5
(3364) 2E06  0010111000000110 ( 672)                 LD    R7 A2BSaveR7
(3365) C1C0  1100000111000000 ( 673)                 RET   
(3366) 0000  0000000000000000 ( 675) A2BSaveR1       .FILL x0000
(3367) 0000  0000000000000000 ( 676) A2BSaveR2       .FILL x0000
(3368) 0000  0000000000000000 ( 677) A2BSaveR3       .FILL x0000
(3369) 0000  0000000000000000 ( 678) A2BSaveR4       .FILL x0000
(336A) 0000  0000000000000000 ( 679) A2BSaveR5       .FILL x0000
(336B) 0000  0000000000000000 ( 680) A2BSaveR7       .FILL x0000
(336C) FFD0  1111111111010000 ( 681) A2BOffset       .FILL xFFD0
(336D) 3027  0011000000100111 ( 686) B2A             ST    R0 B2ASaveR0
(336E) 3227  0011001000100111 ( 687)                 ST    R1 B2ASaveR1
(336F) 3427  0011010000100111 ( 688)                 ST    R2 B2ASaveR2
(3370) 3627  0011011000100111 ( 689)                 ST    R3 B2ASaveR3
(3371) 3E27  0011111000100111 ( 690)                 ST    R7 B2ASaveR7
(3372) 236C  0010001101101100 ( 691)                 LD    R1 BP3
(3373) 1020  0001000000100000 ( 692)                 ADD   R0 R0 #0
(3374) 0803  0000100000000011 ( 693)                 BRN   B2ASign
(3375) 2425  0010010000100101 ( 694)                 LD    R2 ASCIIPlus
(3376) 7440  0111010001000000 ( 695)                 STR   R2 R1 #0
(3377) 0E04  0000111000000100 ( 696)                 BRNZP B2ABegin100
(3378) 2423  0010010000100011 ( 697) B2ASign         LD    R2 ASCIIMinus
(3379) 7440  0111010001000000 ( 698)                 STR   R2 R1 #0
(337A) 903F  1001000000111111 ( 699)                 NOT   R0 R0
(337B) 1021  0001000000100001 ( 700)                 ADD   R0 R0 #1
(337C) 241D  0010010000011101 ( 701) B2ABegin100     LD    R2 B2AOffset
(337D) 2620  0010011000100000 ( 702)                 LD    R3 Minus100
(337E) 1003  0001000000000011 ( 703) B2ALoop100      ADD   R0 R0 R3
(337F) 0802  0000100000000010 ( 704)                 BRN   B2AEnd100
(3380) 14A1  0001010010100001 ( 705)                 ADD   R2 R2 #1
(3381) 0FFC  0000111111111100 ( 706)                 BRNZP B2ALoop100
(3382) 7441  0111010001000001 ( 707) B2AEnd100       STR   R2 R1 #1
(3383) 2619  0010011000011001 ( 708)                 LD    R3 Plus100
(3384) 1003  0001000000000011 ( 709)                 ADD   R0 R0 R3
(3385) 2414  0010010000010100 ( 710) B2ABegin10      LD    R2 B2AOffset
(3386) 1036  0001000000110110 ( 711) B2ALoop10       ADD   R0 R0 #-10
(3387) 0802  0000100000000010 ( 712)                 BRN   B2AEnd10
(3388) 14A1  0001010010100001 ( 713)                 ADD   R2 R2 #1
(3389) 0FFC  0000111111111100 ( 714)                 BRNZP B2ALoop10
(338A) 7442  0111010001000010 ( 715) B2AEnd10        STR   R2 R1 #2
(338B) 102A  0001000000101010 ( 716)                 ADD   R0 R0 #10
(338C) 240D  0010010000001101 ( 717) B2ALast1        LD    R2 B2AOffset
(338D) 1480  0001010010000000 ( 718)                 ADD   R2 R2 R0
(338E) 7443  0111010001000011 ( 719)                 STR   R2 R1 #3
(338F) 2005  0010000000000101 ( 720) B2AFinish       LD    R0 B2ASaveR0
(3390) 2205  0010001000000101 ( 721)                 LD    R1 B2ASaveR1
(3391) 2405  0010010000000101 ( 722)                 LD    R2 B2ASaveR2
(3392) 2605  0010011000000101 ( 723)                 LD    R3 B2ASaveR3
(3393) 2E05  0010111000000101 ( 724)                 LD    R7 B2ASaveR7
(3394) C1C0  1100000111000000 ( 725)                 RET   
(3395) 0000  0000000000000000 ( 727) B2ASaveR0       .FILL x0000
(3396) 0000  0000000000000000 ( 728) B2ASaveR1       .FILL x0000
(3397) 0000  0000000000000000 ( 729) B2ASaveR2       .FILL x0000
(3398) 0000  0000000000000000 ( 730) B2ASaveR3       .FILL x0000
(3399) 0000  0000000000000000 ( 731) B2ASaveR7       .FILL x0000
(339A) 0030  0000000000110000 ( 732) B2AOffset       .FILL x0030
(339B) 002B  0000000000101011 ( 733) ASCIIPlus       .FILL x002B
(339C) 002D  0000000000101101 ( 734) ASCIIMinus      .FILL x002D
(339D) 0064  0000000001100100 ( 735) Plus100         .FILL x0064
(339E) FF9C  1111111110011100 ( 736) Minus100        .FILL xFF9C
(339F) 0000  0000000000000000 ( 737) Time10          .FILL x0000
(33A0) 000A  0000000000001010 ( 738)                 .FILL x000A
(33A1) 0014  0000000000010100 ( 739)                 .FILL x0014
(33A2) 001E  0000000000011110 ( 740)                 .FILL x001E
(33A3) 0028  0000000000101000 ( 741)                 .FILL x0028
(33A4) 0032  0000000000110010 ( 742)                 .FILL x0032
(33A5) 003C  0000000000111100 ( 743)                 .FILL x003C
(33A6) 0046  0000000001000110 ( 744)                 .FILL x0046
(33A7) 0050  0000000001010000 ( 745)                 .FILL x0050
(33A8) 005A  0000000001011010 ( 746)                 .FILL x005A
(33A9) 0000  0000000000000000 ( 747) Time100         .FILL x0000
(33AA) 0064  0000000001100100 ( 748)                 .FILL x0064
(33AB) 00C8  0000000011001000 ( 749)                 .FILL x00C8
(33AC) 012C  0000000100101100 ( 750)                 .FILL x012C
(33AD) 0190  0000000110010000 ( 751)                 .FILL x0190
(33AE) 01F4  0000000111110100 ( 752)                 .FILL x01F4
(33AF) 0258  0000001001011000 ( 753)                 .FILL x0258
(33B0) 02BC  0000001010111100 ( 754)                 .FILL x02BC
(33B1) 0320  0000001100100000 ( 755)                 .FILL x0320
(33B2) 0384  0000001110000100 ( 756)                 .FILL x0384
(33B3) 0000  0000000000000000 ( 762) StackLimit      .FILL x0000
(33B4) 0000  0000000000000000 ( 762)                 .FILL x0000
(33B5) 0000  0000000000000000 ( 762)                 .FILL x0000
(33B6) 0000  0000000000000000 ( 762)                 .FILL x0000
(33B7) 0000  0000000000000000 ( 762)                 .FILL x0000
(33B8) 0000  0000000000000000 ( 762)                 .FILL x0000
(33B9) 0000  0000000000000000 ( 762)                 .FILL x0000
(33BA) 0000  0000000000000000 ( 762)                 .FILL x0000
(33BB) 0000  0000000000000000 ( 762)                 .FILL x0000
(33BC) 0000  0000000000000000 ( 762)                 .FILL x0000
(33BD) 0000  0000000000000000 ( 762)                 .FILL x0000
(33BE) 0000  0000000000000000 ( 762)                 .FILL x0000
(33BF) 0000  0000000000000000 ( 762)                 .FILL x0000
(33C0) 0000  0000000000000000 ( 762)                 .FILL x0000
(33C1) 0000  0000000000000000 ( 762)                 .FILL x0000
(33C2) 0000  0000000000000000 ( 762) StackBase       .FILL x0000
(33C3) 0000  0000000000000000 ( 764) Buffer          .FILL x0000
(33C4) 0000  0000000000000000 ( 764)                 .FILL x0000
(33C5) 0000  0000000000000000 ( 764)                 .FILL x0000
(33C6) 0000  0000000000000000 ( 764)                 .FILL x0000
(33C7) 0000  0000000000000000 ( 764)                 .FILL x0000
