(0000) 3000  0011000000000000 (   1)                 .ORIG x3000
(3000) 2213  0010001000010011 (   2)                 LD    R1 INPUT
(3001) 54A0  0101010010100000 (   3)                 AND   R2 R2 #0
(3002) 56E0  0101011011100000 (   4)                 AND   R3 R3 #0
(3003) 16E1  0001011011100001 (   5)                 ADD   R3 R3 #1
(3004) 5920  0101100100100000 (   6)                 AND   R4 R4 #0
(3005) 5B60  0101101101100000 (   7)                 AND   R5 R5 #0
(3006) 127E  0001001001111110 (   8)                 ADD   R1 R1 #-2
(3007) 0C09  0000110000001001 (   9)                 BRNZ  FINISH
(3008) 9C7F  1001110001111111 (  10) LOOP            NOT   R6 R1
(3009) 1DA1  0001110110100001 (  11)                 ADD   R6 R6 #1
(300A) 1D85  0001110110000101 (  12)                 ADD   R6 R6 R5
(300B) 0405  0000010000000101 (  13)                 BRZ   FINISH
(300C) 1883  0001100010000011 (  14)                 ADD   R4 R2 R3
(300D) 14E0  0001010011100000 (  15)                 ADD   R2 R3 #0
(300E) 1720  0001011100100000 (  16)                 ADD   R3 R4 #0
(300F) 1B61  0001101101100001 (  17)                 ADD   R5 R5 #1
(3010) 0FF7  0000111111110111 (  18)                 BRNZP LOOP
(3011) B801  1011100000000001 (  19) FINISH          STI   R4 TARGET
(3012) F025  1111000000100101 (  20)                 TRAP  x25
(3013) 3015  0011000000010101 (  21) TARGET          .FILL x3015
(3014) 0000  0000000000000000 (  22) INPUT           BRNOP x3015
(3015) 0000  0000000000000000 (  23) OUTPUT          BRNOP x3016
