(0000) 3000  0011000000000000 (   1)                 .ORIG x3000
(3000) A014  1010000000010100 (   2)                 LDI   R0 INP
(3001) A214  1010001000010100 (   3)                 LDI   R1 AMT
(3002) 0E04  0000111000000100 (   4) LOOP0           BRNZP LSHIFT
(3003) 127F  0001001001111111 (   5) CONT0           ADD   R1 R1 #-1
(3004) 03FD  0000001111111101 (   6)                 BRP   LOOP0
(3005) B011  1011000000010001 (   7)                 STI   R0 RES
(3006) F025  1111000000100101 (   8)                 TRAP  x25
(3007) 54A0  0101010010100000 (   9) LSHIFT          AND   R2 R2 #0
(3008) 56E0  0101011011100000 (  10)                 AND   R3 R3 #0
(3009) 16E1  0001011011100001 (  11)                 ADD   R3 R3 #1
(300A) 5920  0101100100100000 (  12)                 AND   R4 R4 #0
(300B) 192F  0001100100101111 (  13)                 ADD   R4 R4 #15
(300C) 1AC3  0001101011000011 (  14) LOOP1           ADD   R5 R3 R3
(300D) 5A05  0101101000000101 (  15)                 AND   R5 R0 R5
(300E) 0401  0000010000000001 (  16)                 BRZ   CONT1
(300F) 1483  0001010010000011 (  17)                 ADD   R2 R2 R3
(3010) 16C3  0001011011000011 (  18) CONT1           ADD   R3 R3 R3
(3011) 193F  0001100100111111 (  19)                 ADD   R4 R4 #-1
(3012) 03F9  0000001111111001 (  20)                 BRP   LOOP1
(3013) 10A0  0001000010100000 (  21)                 ADD   R0 R2 #0
(3014) 0FEE  0000111111101110 (  22)                 BRNZP CONT0
(3015) 3100  0011000100000000 (  23) INP             .FILL x3100
(3016) 3101  0011000100000001 (  24) AMT             .FILL x3101
(3017) 3102  0011000100000010 (  25) RES             .FILL x3102
