(0000) 3000  0011000000000000 (   8)                 .ORIG x3000
(3000) E03A  1110000000111010 (   9)                 LEA   R0 StartPrompt
(3001) F022  1111000000100010 (  10)                 TRAP  x22
(3002) 2C6D  0010110001101101 (  11)                 LD    R6 SL1
(3003) 1DA1  0001110110100001 (  12)                 ADD   R6 R6 #1
(3004) E054  1110000001010100 (  14) NewCommand      LEA   R0 InputPrompt
(3005) F022  1111000000100010 (  15)                 TRAP  x22
(3006) F020  1111000000100000 (  16)                 TRAP  x20
(3007) F021  1111000000100001 (  17)                 TRAP  x21
(3008) 225B  0010001001011011 (  19) TryExit         LD    R1 EqualX
(3009) 1240  0001001001000000 (  20)                 ADD   R1 R1 R0
(300A) 0A02  0000101000000010 (  21)                 BRNP  TryDisplay
(300B) 4865  0100100001100101 (  22)                 JSR   Exit
(300C) F025  1111000000100101 (  23)                 TRAP  x25
(300D) 2257  0010001001010111 (  25) TryDisplay      LD    R1 EqualD
(300E) 1240  0001001001000000 (  26)                 ADD   R1 R1 R0
(300F) 0A02  0000101000000010 (  27)                 BRNP  TryClear
(3010) 4871  0100100001110001 (  28)                 JSR   Display
(3011) 0FF2  0000111111110010 (  29)                 BRNZP NewCommand
(3012) 2253  0010001001010011 (  31) TryClear        LD    R1 EqualC
(3013) 1240  0001001001000000 (  32)                 ADD   R1 R1 R0
(3014) 0A02  0000101000000010 (  33)                 BRNP  TryPlus
(3015) 488D  0100100010001101 (  34)                 JSR   Clear
(3016) 0FED  0000111111101101 (  35)                 BRNZP NewCommand
(3017) 224F  0010001001001111 (  37) TryPlus         LD    R1 EqualPlus
(3018) 1240  0001001001000000 (  38)                 ADD   R1 R1 R0
(3019) 0A02  0000101000000010 (  39)                 BRNP  TryTime
(301A) 48B4  0100100010110100 (  40)                 JSR   Plus
(301B) 0FE8  0000111111101000 (  41)                 BRNZP NewCommand
(301C) 224B  0010001001001011 (  43) TryTime         LD    R1 EqualTime
(301D) 1240  0001001001000000 (  44)                 ADD   R1 R1 R0
(301E) 0A02  0000101000000010 (  45)                 BRNP  TryNega
(301F) 48D9  0100100011011001 (  46)                 JSR   Time
(3020) 0FE3  0000111111100011 (  47)                 BRNZP NewCommand
(3021) 2247  0010001001000111 (  49) TryNega         LD    R1 EqualNega
(3022) 1240  0001001001000000 (  50)                 ADD   R1 R1 R0
(3023) 0A02  0000101000000010 (  51)                 BRNP  TryDIV
(3024) 4917  0100100100010111 (  52)                 JSR   Nega
(3025) 0FDE  0000111111011110 (  53)                 BRNZP NewCommand
(3026) 2243  0010001001000011 (  55) TryDIV          LD    R1 EqualDIV
(3027) 1240  0001001001000000 (  56)                 ADD   R1 R1 R0
(3028) 0A02  0000101000000010 (  57)                 BRNP  TryMOD
(3029) 4931  0100100100110001 (  58)                 JSR   DIV
(302A) 0FD9  0000111111011001 (  59)                 BRNZP NewCommand
(302B) 223F  0010001000111111 (  61) TryMOD          LD    R1 EqualMOD
(302C) 1240  0001001001000000 (  62)                 ADD   R1 R1 R0
(302D) 0A02  0000101000000010 (  63)                 BRNP  TryXOR
(302E) 49C1  0100100111000001 (  64)                 JSR   MOD
(302F) 0FD4  0000111111010100 (  65)                 BRNZP NewCommand
(3030) 223B  0010001000111011 (  67) TryXOR          LD    R1 EqualXOR
(3031) 1240  0001001001000000 (  68)                 ADD   R1 R1 R0
(3032) 0A02  0000101000000010 (  69)                 BRNP  TryEOL
(3033) 4A00  0100101000000000 (  70)                 JSR   XOR
(3034) 0FCF  0000111111001111 (  71)                 BRNZP NewCommand
(3035) 2237  0010001000110111 (  73) TryEOL          LD    R1 EqualEOL
(3036) 1240  0001001001000000 (  74)                 ADD   R1 R1 R0
(3037) 0A01  0000101000000001 (  75)                 BRNP  TryInsert
(3038) 0FCB  0000111111001011 (  76)                 BRNZP NewCommand
(3039) 4A2B  0100101000101011 (  78) TryInsert       JSR   Insert
(303A) 0FC9  0000111111001001 (  79)                 BRNZP NewCommand
(303B) 0041  0000000001000001 (  81) StartPrompt     .FILL x0041
(303C) 0073  0000000001110011 (  81)                 .FILL x0073
(303D) 0073  0000000001110011 (  81)                 .FILL x0073
(303E) 0065  0000000001100101 (  81)                 .FILL x0065
(303F) 006D  0000000001101101 (  81)                 .FILL x006D
(3040) 0062  0000000001100010 (  81)                 .FILL x0062
(3041) 006C  0000000001101100 (  81)                 .FILL x006C
(3042) 0079  0000000001111001 (  81)                 .FILL x0079
(3043) 0020  0000000000100000 (  81)                 .FILL x0020
(3044) 0043  0000000001000011 (  81)                 .FILL x0043
(3045) 0061  0000000001100001 (  81)                 .FILL x0061
(3046) 006C  0000000001101100 (  81)                 .FILL x006C
(3047) 0063  0000000001100011 (  81)                 .FILL x0063
(3048) 0075  0000000001110101 (  81)                 .FILL x0075
(3049) 006C  0000000001101100 (  81)                 .FILL x006C
(304A) 0061  0000000001100001 (  81)                 .FILL x0061
(304B) 0074  0000000001110100 (  81)                 .FILL x0074
(304C) 006F  0000000001101111 (  81)                 .FILL x006F
(304D) 0072  0000000001110010 (  81)                 .FILL x0072
(304E) 0020  0000000000100000 (  81)                 .FILL x0020
(304F) 0062  0000000001100010 (  81)                 .FILL x0062
(3050) 0079  0000000001111001 (  81)                 .FILL x0079
(3051) 0020  0000000000100000 (  81)                 .FILL x0020
(3052) 0078  0000000001111000 (  81)                 .FILL x0078
(3053) 0078  0000000001111000 (  81)                 .FILL x0078
(3054) 0079  0000000001111001 (  81)                 .FILL x0079
(3055) 0051  0000000001010001 (  81)                 .FILL x0051
(3056) 0077  0000000001110111 (  81)                 .FILL x0077
(3057) 0051  0000000001010001 (  81)                 .FILL x0051
(3058) 0000  0000000000000000 (  81)                 .FILL x0000
(3059) 000A  0000000000001010 (  82) InputPrompt     .FILL x000A
(305A) 0043  0000000001000011 (  83)                 .FILL x0043
(305B) 006F  0000000001101111 (  83)                 .FILL x006F
(305C) 006D  0000000001101101 (  83)                 .FILL x006D
(305D) 006D  0000000001101101 (  83)                 .FILL x006D
(305E) 0061  0000000001100001 (  83)                 .FILL x0061
(305F) 006E  0000000001101110 (  83)                 .FILL x006E
(3060) 0064  0000000001100100 (  83)                 .FILL x0064
(3061) 003A  0000000000111010 (  83)                 .FILL x003A
(3062) 0020  0000000000100000 (  83)                 .FILL x0020
(3063) 0000  0000000000000000 (  83)                 .FILL x0000
(3064) FFA8  1111111110101000 (  84) EqualX          .FILL xFFA8
(3065) FFBC  1111111110111100 (  85) EqualD          .FILL xFFBC
(3066) FFBD  1111111110111101 (  86) EqualC          .FILL xFFBD
(3067) FFD5  1111111111010101 (  87) EqualPlus       .FILL xFFD5
(3068) FFD6  1111111111010110 (  88) EqualTime       .FILL xFFD6
(3069) FFD3  1111111111010011 (  89) EqualNega       .FILL xFFD3
(306A) FFD1  1111111111010001 (  90) EqualDIV        .FILL xFFD1
(306B) FFDB  1111111111011011 (  91) EqualMOD        .FILL xFFDB
(306C) FFC0  1111111111000000 (  92) EqualXOR        .FILL xFFC0
(306D) FFF6  1111111111110110 (  93) EqualEOL        .FILL xFFF6
(306E) 33C8  0011001111001000 (  94) BP1             .FILL x33C8
(306F) 33B8  0011001110111000 (  95) SH1             .FILL x33B8
(3070) 33C7  0011001111000111 (  96) SL1             .FILL x33C7
(3071) 3006  0011000000000110 ( 101) Exit            ST    R0 XSaveR0
(3072) 3E06  0011111000000110 ( 102)                 ST    R7 XSaveR7
(3073) E006  1110000000000110 ( 103)                 LEA   R0 ExitPrompt
(3074) F022  1111000000100010 ( 104)                 TRAP  x22
(3075) 2002  0010000000000010 ( 105) XFinish         LD    R0 XSaveR0
(3076) 2E02  0010111000000010 ( 106)                 LD    R7 XSaveR7
(3077) C1C0  1100000111000000 ( 107)                 RET   
(3078) 0000  0000000000000000 ( 109) XSaveR0         .FILL x0000
(3079) 0000  0000000000000000 ( 110) XSaveR7         .FILL x0000
(307A) 000A  0000000000001010 ( 111) ExitPrompt      .FILL x000A
(307B) 005B  0000000001011011 ( 112)                 .FILL x005B
(307C) 0045  0000000001000101 ( 112)                 .FILL x0045
(307D) 0078  0000000001111000 ( 112)                 .FILL x0078
(307E) 0069  0000000001101001 ( 112)                 .FILL x0069
(307F) 0074  0000000001110100 ( 112)                 .FILL x0074
(3080) 005D  0000000001011101 ( 112)                 .FILL x005D
(3081) 0000  0000000000000000 ( 112)                 .FILL x0000
(3082) 3011  0011000000010001 ( 117) Display         ST    R0 DSaveR0
(3083) 3A11  0011101000010001 ( 118)                 ST    R5 DSaveR5
(3084) 3E11  0011111000010001 ( 119)                 ST    R7 DSaveR7
(3085) 4A61  0100101001100001 ( 120)                 JSR   POP
(3086) 1B60  0001101101100000 ( 121)                 ADD   R5 R5 #0
(3087) 0206  0000001000000110 ( 122)                 BRP   DFinish
(3088) 4AE9  0100101011101001 ( 123)                 JSR   B2A
(3089) 200D  0010000000001101 ( 124)                 LD    R0 DNewLine
(308A) F021  1111000000100001 ( 125)                 TRAP  x21
(308B) 21E2  0010000111100010 ( 126)                 LD    R0 BP1
(308C) F022  1111000000100010 ( 127)                 TRAP  x22
(308D) 1DBF  0001110110111111 ( 128)                 ADD   R6 R6 #-1
(308E) E009  1110000000001001 ( 129) DFinish         LEA   R0 EchoPrompt
(308F) F022  1111000000100010 ( 130)                 TRAP  x22
(3090) 2003  0010000000000011 ( 131)                 LD    R0 DSaveR0
(3091) 2A03  0010101000000011 ( 132)                 LD    R5 DSaveR5
(3092) 2E03  0010111000000011 ( 133)                 LD    R7 DSaveR7
(3093) C1C0  1100000111000000 ( 134)                 RET   
(3094) 0000  0000000000000000 ( 136) DSaveR0         .FILL x0000
(3095) 0000  0000000000000000 ( 137) DSaveR5         .FILL x0000
(3096) 0000  0000000000000000 ( 138) DSaveR7         .FILL x0000
(3097) 000A  0000000000001010 ( 139) DNewLine        .FILL x000A
(3098) 000A  0000000000001010 ( 140) EchoPrompt      .FILL x000A
(3099) 005B  0000000001011011 ( 141)                 .FILL x005B
(309A) 0044  0000000001000100 ( 141)                 .FILL x0044
(309B) 0069  0000000001101001 ( 141)                 .FILL x0069
(309C) 0073  0000000001110011 ( 141)                 .FILL x0073
(309D) 0070  0000000001110000 ( 141)                 .FILL x0070
(309E) 006C  0000000001101100 ( 141)                 .FILL x006C
(309F) 0061  0000000001100001 ( 141)                 .FILL x0061
(30A0) 0079  0000000001111001 ( 141)                 .FILL x0079
(30A1) 005D  0000000001011101 ( 141)                 .FILL x005D
(30A2) 0000  0000000000000000 ( 141)                 .FILL x0000
(30A3) 3008  0011000000001000 ( 146) Clear           ST    R0 CSaveR0
(30A4) 3E08  0011111000001000 ( 147)                 ST    R7 CSaveR7
(30A5) 2DCA  0010110111001010 ( 148)                 LD    R6 SL1
(30A6) 1DA1  0001110110100001 ( 149)                 ADD   R6 R6 #1
(30A7) E006  1110000000000110 ( 150)                 LEA   R0 ClearPrompt
(30A8) F022  1111000000100010 ( 151)                 TRAP  x22
(30A9) 2002  0010000000000010 ( 152) CFinish         LD    R0 CSaveR0
(30AA) 2E02  0010111000000010 ( 153)                 LD    R7 CSaveR7
(30AB) C1C0  1100000111000000 ( 154)                 RET   
(30AC) 0000  0000000000000000 ( 156) CSaveR0         .FILL x0000
(30AD) 0000  0000000000000000 ( 157) CSaveR7         .FILL x0000
(30AE) 000A  0000000000001010 ( 158) ClearPrompt     .FILL x000A
(30AF) 005B  0000000001011011 ( 159)                 .FILL x005B
(30B0) 0043  0000000001000011 ( 159)                 .FILL x0043
(30B1) 006C  0000000001101100 ( 159)                 .FILL x006C
(30B2) 0065  0000000001100101 ( 159)                 .FILL x0065
(30B3) 0061  0000000001100001 ( 159)                 .FILL x0061
(30B4) 0072  0000000001110010 ( 159)                 .FILL x0072
(30B5) 005D  0000000001011101 ( 159)                 .FILL x005D
(30B6) 0000  0000000000000000 ( 159)                 .FILL x0000
(30B7) 3010  0011000000010000 ( 164) RangeCheck      ST    R0 RCSaveR0
(30B8) 3E10  0011111000010000 ( 165)                 ST    R7 RCSaveR7
(30B9) 2A11  0010101000010001 ( 166)                 LD    R5 Minus999
(30BA) 1B40  0001101101000000 ( 167)                 ADD   R5 R5 R0
(30BB) 0205  0000001000000101 ( 168)                 BRP   RCFail
(30BC) 2A0D  0010101000001101 ( 169)                 LD    R5 Plus999
(30BD) 1B40  0001101101000000 ( 170)                 ADD   R5 R5 R0
(30BE) 0802  0000100000000010 ( 171)                 BRN   RCFail
(30BF) 5B60  0101101101100000 ( 172)                 AND   R5 R5 #0
(30C0) 0E04  0000111000000100 ( 173)                 BRNZP RCFinish
(30C1) E0EA  1110000011101010 ( 174) RCFail          LEA   R0 RangeError
(30C2) F022  1111000000100010 ( 175)                 TRAP  x22
(30C3) 5B60  0101101101100000 ( 176)                 AND   R5 R5 #0
(30C4) 1B61  0001101101100001 ( 177)                 ADD   R5 R5 #1
(30C5) 2002  0010000000000010 ( 178) RCFinish        LD    R0 RCSaveR0
(30C6) 2E02  0010111000000010 ( 179)                 LD    R7 RCSaveR7
(30C7) C1C0  1100000111000000 ( 180)                 RET   
(30C8) 0000  0000000000000000 ( 181) RCSaveR0        .FILL x0000
(30C9) 0000  0000000000000000 ( 182) RCSaveR7        .FILL x0000
(30CA) 03E7  0000001111100111 ( 183) Plus999         .FILL x03E7
(30CB) FC19  1111110000011001 ( 184) Minus999        .FILL xFC19
(30CC) 33C8  0011001111001000 ( 185) BP2             .FILL x33C8
(30CD) 33B8  0011001110111000 ( 186) SH2             .FILL x33B8
(30CE) 33C7  0011001111000111 ( 187) SL2             .FILL x33C7
(30CF) 301D  0011000000011101 ( 192) Plus            ST    R0 PlusSaveR0
(30D0) 321D  0011001000011101 ( 193)                 ST    R1 PlusSaveR1
(30D1) 3A1D  0011101000011101 ( 194)                 ST    R5 PlusSaveR5
(30D2) 3E1D  0011111000011101 ( 195)                 ST    R7 PlusSaveR7
(30D3) 4A13  0100101000010011 ( 196)                 JSR   POP
(30D4) 1B60  0001101101100000 ( 197)                 ADD   R5 R5 #0
(30D5) 020E  0000001000001110 ( 198)                 BRP   PlusAbsent
(30D6) 1220  0001001000100000 ( 199)                 ADD   R1 R0 #0
(30D7) 4A0F  0100101000001111 ( 200)                 JSR   POP
(30D8) 1B60  0001101101100000 ( 201)                 ADD   R5 R5 #0
(30D9) 0209  0000001000001001 ( 202)                 BRP   PlusBack
(30DA) 1001  0001000000000001 ( 203)                 ADD   R0 R0 R1
(30DB) 4FDB  0100111111011011 ( 204)                 JSR   RangeCheck
(30DC) 1B60  0001101101100000 ( 205)                 ADD   R5 R5 #0
(30DD) 0202  0000001000000010 ( 206)                 BRP   PlusExceed
(30DE) 4A32  0100101000110010 ( 207)                 JSR   PUSH
(30DF) 0E06  0000111000000110 ( 208)                 BRNZP PlusFinish
(30E0) 1DBF  0001110110111111 ( 209) PlusExceed      ADD   R6 R6 #-1
(30E1) 1DBF  0001110110111111 ( 210)                 ADD   R6 R6 #-1
(30E2) 0E03  0000111000000011 ( 211)                 BRNZP PlusFinish
(30E3) 1DBF  0001110110111111 ( 212) PlusBack        ADD   R6 R6 #-1
(30E4) E0AA  1110000010101010 ( 213) PlusAbsent      LEA   R0 CountError
(30E5) F022  1111000000100010 ( 214)                 TRAP  x22
(30E6) E00A  1110000000001010 ( 215) PlusFinish      LEA   R0 PlusPrompt
(30E7) F022  1111000000100010 ( 216)                 TRAP  x22
(30E8) 2004  0010000000000100 ( 217)                 LD    R0 PlusSaveR0
(30E9) 2204  0010001000000100 ( 218)                 LD    R1 PlusSaveR1
(30EA) 2A04  0010101000000100 ( 219)                 LD    R5 PlusSaveR5
(30EB) 2E04  0010111000000100 ( 220)                 LD    R7 PlusSaveR7
(30EC) C1C0  1100000111000000 ( 221)                 RET   
(30ED) 0000  0000000000000000 ( 223) PlusSaveR0      .FILL x0000
(30EE) 0000  0000000000000000 ( 224) PlusSaveR1      .FILL x0000
(30EF) 0000  0000000000000000 ( 225) PlusSaveR5      .FILL x0000
(30F0) 0000  0000000000000000 ( 226) PlusSaveR7      .FILL x0000
(30F1) 000A  0000000000001010 ( 227) PlusPrompt      .FILL x000A
(30F2) 005B  0000000001011011 ( 228)                 .FILL x005B
(30F3) 0050  0000000001010000 ( 228)                 .FILL x0050
(30F4) 006C  0000000001101100 ( 228)                 .FILL x006C
(30F5) 0075  0000000001110101 ( 228)                 .FILL x0075
(30F6) 0073  0000000001110011 ( 228)                 .FILL x0073
(30F7) 005D  0000000001011101 ( 228)                 .FILL x005D
(30F8) 0000  0000000000000000 ( 228)                 .FILL x0000
(30F9) 3030  0011000000110000 ( 233) Time            ST    R0 TimeSaveR0
(30FA) 3230  0011001000110000 ( 234)                 ST    R1 TimeSaveR1
(30FB) 3430  0011010000110000 ( 235)                 ST    R2 TimeSaveR2
(30FC) 3630  0011011000110000 ( 236)                 ST    R3 TimeSaveR3
(30FD) 3A30  0011101000110000 ( 237)                 ST    R5 TimeSaveR5
(30FE) 3E30  0011111000110000 ( 238)                 ST    R7 TimeSaveR7
(30FF) 49E7  0100100111100111 ( 239)                 JSR   POP
(3100) 1B60  0001101101100000 ( 240)                 ADD   R5 R5 #0
(3101) 021D  0000001000011101 ( 241)                 BRP   TimeAbsent
(3102) 1220  0001001000100000 ( 242)                 ADD   R1 R0 #0
(3103) 49E3  0100100111100011 ( 243)                 JSR   POP
(3104) 1B60  0001101101100000 ( 244)                 ADD   R5 R5 #0
(3105) 0218  0000001000011000 ( 245)                 BRP   TimeBack
(3106) 56E0  0101011011100000 ( 246)                 AND   R3 R3 #0
(3107) 1420  0001010000100000 ( 247)                 ADD   R2 R0 #0
(3108) 0603  0000011000000011 ( 248)                 BRZP  TimeStart
(3109) 16E1  0001011011100001 ( 249)                 ADD   R3 R3 #1
(310A) 94BF  1001010010111111 ( 250)                 NOT   R2 R2
(310B) 14A1  0001010010100001 ( 251)                 ADD   R2 R2 #1
(310C) 5020  0101000000100000 ( 252) TimeStart       AND   R0 R0 #0
(310D) 14A0  0001010010100000 ( 253)                 ADD   R2 R2 #0
(310E) 040A  0000010000001010 ( 254)                 BRZ   TimePush
(310F) 1001  0001000000000001 ( 255) TimeLoop        ADD   R0 R0 R1
(3110) 14BF  0001010010111111 ( 256)                 ADD   R2 R2 #-1
(3111) 03FD  0000001111111101 ( 257)                 BRP   TimeLoop
(3112) 4FA4  0100111110100100 ( 258)                 JSR   RangeCheck
(3113) 1B60  0001101101100000 ( 259)                 ADD   R5 R5 #0
(3114) 0206  0000001000000110 ( 260)                 BRP   TimeExceed
(3115) 16E0  0001011011100000 ( 261)                 ADD   R3 R3 #0
(3116) 0402  0000010000000010 ( 262)                 BRZ   TimePush
(3117) 903F  1001000000111111 ( 263)                 NOT   R0 R0
(3118) 1021  0001000000100001 ( 264)                 ADD   R0 R0 #1
(3119) 49F7  0100100111110111 ( 265) TimePush        JSR   PUSH
(311A) 0E06  0000111000000110 ( 266)                 BRNZP TimeFinish
(311B) 1DBF  0001110110111111 ( 267) TimeExceed      ADD   R6 R6 #-1
(311C) 1DBF  0001110110111111 ( 268)                 ADD   R6 R6 #-1
(311D) 0E03  0000111000000011 ( 269)                 BRNZP TimeFinish
(311E) 1DBF  0001110110111111 ( 270) TimeBack        ADD   R6 R6 #-1
(311F) E06F  1110000001101111 ( 271) TimeAbsent      LEA   R0 CountError
(3120) F022  1111000000100010 ( 272)                 TRAP  x22
(3121) E00E  1110000000001110 ( 273) TimeFinish      LEA   R0 TimePrompt
(3122) F022  1111000000100010 ( 274)                 TRAP  x22
(3123) 2006  0010000000000110 ( 275)                 LD    R0 TimeSaveR0
(3124) 2206  0010001000000110 ( 276)                 LD    R1 TimeSaveR1
(3125) 2406  0010010000000110 ( 277)                 LD    R2 TimeSaveR2
(3126) 2606  0010011000000110 ( 278)                 LD    R3 TimeSaveR3
(3127) 2A06  0010101000000110 ( 279)                 LD    R5 TimeSaveR5
(3128) 2E06  0010111000000110 ( 280)                 LD    R7 TimeSaveR7
(3129) C1C0  1100000111000000 ( 281)                 RET   
(312A) 0000  0000000000000000 ( 282) TimeSaveR0      .FILL x0000
(312B) 0000  0000000000000000 ( 283) TimeSaveR1      .FILL x0000
(312C) 0000  0000000000000000 ( 284) TimeSaveR2      .FILL x0000
(312D) 0000  0000000000000000 ( 285) TimeSaveR3      .FILL x0000
(312E) 0000  0000000000000000 ( 286) TimeSaveR5      .FILL x0000
(312F) 0000  0000000000000000 ( 287) TimeSaveR7      .FILL x0000
(3130) 000A  0000000000001010 ( 288) TimePrompt      .FILL x000A
(3131) 005B  0000000001011011 ( 289)                 .FILL x005B
(3132) 004D  0000000001001101 ( 289)                 .FILL x004D
(3133) 0075  0000000001110101 ( 289)                 .FILL x0075
(3134) 006C  0000000001101100 ( 289)                 .FILL x006C
(3135) 0074  0000000001110100 ( 289)                 .FILL x0074
(3136) 0069  0000000001101001 ( 289)                 .FILL x0069
(3137) 0070  0000000001110000 ( 289)                 .FILL x0070
(3138) 006C  0000000001101100 ( 289)                 .FILL x006C
(3139) 0079  0000000001111001 ( 289)                 .FILL x0079
(313A) 005D  0000000001011101 ( 289)                 .FILL x005D
(313B) 0000  0000000000000000 ( 289)                 .FILL x0000
(313C) 3011  0011000000010001 ( 294) Nega            ST    R0 NegaSaveR0
(313D) 3A11  0011101000010001 ( 295)                 ST    R5 NegaSaveR5
(313E) 3E11  0011111000010001 ( 296)                 ST    R7 NegaSaveR7
(313F) 49A7  0100100110100111 ( 297)                 JSR   POP
(3140) 1B60  0001101101100000 ( 298)                 ADD   R5 R5 #0
(3141) 0204  0000001000000100 ( 299)                 BRP   NegaAbsent
(3142) 903F  1001000000111111 ( 300)                 NOT   R0 R0
(3143) 1021  0001000000100001 ( 301)                 ADD   R0 R0 #1
(3144) 49CC  0100100111001100 ( 302)                 JSR   PUSH
(3145) 0E02  0000111000000010 ( 303)                 BRNZP NegaFinish
(3146) E048  1110000001001000 ( 304) NegaAbsent      LEA   R0 CountError
(3147) F022  1111000000100010 ( 305)                 TRAP  x22
(3148) E008  1110000000001000 ( 306) NegaFinish      LEA   R0 NegaPrompt
(3149) F022  1111000000100010 ( 307)                 TRAP  x22
(314A) 2003  0010000000000011 ( 308)                 LD    R0 NegaSaveR0
(314B) 2A03  0010101000000011 ( 309)                 LD    R5 NegaSaveR5
(314C) 2E03  0010111000000011 ( 310)                 LD    R7 NegaSaveR7
(314D) C1C0  1100000111000000 ( 311)                 RET   
(314E) 0000  0000000000000000 ( 312) NegaSaveR0      .FILL x0000
(314F) 0000  0000000000000000 ( 313) NegaSaveR5      .FILL x0000
(3150) 0000  0000000000000000 ( 314) NegaSaveR7      .FILL x0000
(3151) 000A  0000000000001010 ( 315) NegaPrompt      .FILL x000A
(3152) 005B  0000000001011011 ( 316)                 .FILL x005B
(3153) 004E  0000000001001110 ( 316)                 .FILL x004E
(3154) 0065  0000000001100101 ( 316)                 .FILL x0065
(3155) 0067  0000000001100111 ( 316)                 .FILL x0067
(3156) 0061  0000000001100001 ( 316)                 .FILL x0061
(3157) 0074  0000000001110100 ( 316)                 .FILL x0074
(3158) 0065  0000000001100101 ( 316)                 .FILL x0065
(3159) 005D  0000000001011101 ( 316)                 .FILL x005D
(315A) 0000  0000000000000000 ( 316)                 .FILL x0000
(315B) 306D  0011000001101101 ( 321) DIV             ST    R0 DIVSaveR0
(315C) 326D  0011001001101101 ( 322)                 ST    R1 DIVSaveR1
(315D) 346D  0011010001101101 ( 323)                 ST    R2 DIVSaveR2
(315E) 3A6D  0011101001101101 ( 324)                 ST    R5 DIVSaveR5
(315F) 3E6D  0011111001101101 ( 325)                 ST    R7 DIVSaveR7
(3160) 4986  0100100110000110 ( 326)                 JSR   POP
(3161) 1B60  0001101101100000 ( 327)                 ADD   R5 R5 #0
(3162) 0222  0000001000100010 ( 328)                 BRP   DIVAbsent
(3163) 1220  0001001000100000 ( 329)                 ADD   R1 R0 #0
(3164) 4982  0100100110000010 ( 330)                 JSR   POP
(3165) 1B60  0001101101100000 ( 331)                 ADD   R5 R5 #0
(3166) 021D  0000001000011101 ( 332)                 BRP   DIVBack
(3167) 1420  0001010000100000 ( 333)                 ADD   R2 R0 #0
(3168) 0416  0000010000010110 ( 334)                 BRZ   DIVIllegal
(3169) 0204  0000001000000100 ( 335)                 BRP   DIVStart
(316A) 927F  1001001001111111 ( 336)                 NOT   R1 R1
(316B) 1261  0001001001100001 ( 337)                 ADD   R1 R1 #1
(316C) 94BF  1001010010111111 ( 338)                 NOT   R2 R2
(316D) 14A1  0001010010100001 ( 339)                 ADD   R2 R2 #1
(316E) 5020  0101000000100000 ( 340) DIVStart        AND   R0 R0 #0
(316F) 1260  0001001001100000 ( 341)                 ADD   R1 R1 #0
(3170) 0202  0000001000000010 ( 342)                 BRP   DIVPlus
(3171) 0807  0000100000000111 ( 343)                 BRN   DIVMinus
(3172) 0E0A  0000111000001010 ( 344)                 BRNZP DIVPush
(3173) 94BF  1001010010111111 ( 345) DIVPlus         NOT   R2 R2
(3174) 14A1  0001010010100001 ( 346)                 ADD   R2 R2 #1
(3175) 1242  0001001001000010 ( 347) DIVLoop         ADD   R1 R1 R2
(3176) 0806  0000100000000110 ( 348)                 BRN   DIVPush
(3177) 1021  0001000000100001 ( 349)                 ADD   R0 R0 #1
(3178) 0FFC  0000111111111100 ( 350)                 BRNZP DIVLoop
(3179) 103F  0001000000111111 ( 351) DIVMinus        ADD   R0 R0 #-1
(317A) 1242  0001001001000010 ( 352)                 ADD   R1 R1 R2
(317B) 0601  0000011000000001 ( 353)                 BRZP  DIVPush
(317C) 0FFC  0000111111111100 ( 354)                 BRNZP DIVMinus
(317D) 4993  0100100110010011 ( 355) DIVPush         JSR   PUSH
(317E) 0E08  0000111000001000 ( 356)                 BRNZP DIVFinish
(317F) E058  1110000001011000 ( 357) DIVIllegal      LEA   R0 DivideZero
(3180) F022  1111000000100010 ( 358)                 TRAP  x22
(3181) 1DBF  0001110110111111 ( 359)                 ADD   R6 R6 #-1
(3182) 1DBF  0001110110111111 ( 360)                 ADD   R6 R6 #-1
(3183) 0E03  0000111000000011 ( 361)                 BRNZP DIVFinish
(3184) 1DBF  0001110110111111 ( 362) DIVBack         ADD   R6 R6 #-1
(3185) E009  1110000000001001 ( 363) DIVAbsent       LEA   R0 CountError
(3186) F022  1111000000100010 ( 364)                 TRAP  x22
(3187) E046  1110000001000110 ( 365) DIVFinish       LEA   R0 DIVPrompt
(3188) F022  1111000000100010 ( 366)                 TRAP  x22
(3189) 203F  0010000000111111 ( 367)                 LD    R0 DIVSaveR0
(318A) 223F  0010001000111111 ( 368)                 LD    R1 DIVSaveR1
(318B) 243F  0010010000111111 ( 369)                 LD    R2 DIVSaveR2
(318C) 2A3F  0010101000111111 ( 370)                 LD    R5 DIVSaveR5
(318D) 2E3F  0010111000111111 ( 371)                 LD    R7 DIVSaveR7
(318E) C1C0  1100000111000000 ( 372)                 RET   
(318F) 000A  0000000000001010 ( 374) CountError      .FILL x000A
(3190) 005B  0000000001011011 ( 375)                 .FILL x005B
(3191) 0045  0000000001000101 ( 375)                 .FILL x0045
(3192) 0072  0000000001110010 ( 375)                 .FILL x0072
(3193) 0072  0000000001110010 ( 375)                 .FILL x0072
(3194) 006F  0000000001101111 ( 375)                 .FILL x006F
(3195) 0072  0000000001110010 ( 375)                 .FILL x0072
(3196) 005D  0000000001011101 ( 375)                 .FILL x005D
(3197) 0020  0000000000100000 ( 375)                 .FILL x0020
(3198) 006E  0000000001101110 ( 375)                 .FILL x006E
(3199) 006F  0000000001101111 ( 375)                 .FILL x006F
(319A) 0074  0000000001110100 ( 375)                 .FILL x0074
(319B) 0020  0000000000100000 ( 375)                 .FILL x0020
(319C) 0065  0000000001100101 ( 375)                 .FILL x0065
(319D) 006E  0000000001101110 ( 375)                 .FILL x006E
(319E) 006F  0000000001101111 ( 375)                 .FILL x006F
(319F) 0075  0000000001110101 ( 375)                 .FILL x0075
(31A0) 0067  0000000001100111 ( 375)                 .FILL x0067
(31A1) 0068  0000000001101000 ( 375)                 .FILL x0068
(31A2) 0020  0000000000100000 ( 375)                 .FILL x0020
(31A3) 006F  0000000001101111 ( 375)                 .FILL x006F
(31A4) 0070  0000000001110000 ( 375)                 .FILL x0070
(31A5) 0065  0000000001100101 ( 375)                 .FILL x0065
(31A6) 0072  0000000001110010 ( 375)                 .FILL x0072
(31A7) 0061  0000000001100001 ( 375)                 .FILL x0061
(31A8) 006E  0000000001101110 ( 375)                 .FILL x006E
(31A9) 0064  0000000001100100 ( 375)                 .FILL x0064
(31AA) 0073  0000000001110011 ( 375)                 .FILL x0073
(31AB) 0000  0000000000000000 ( 375)                 .FILL x0000
(31AC) 000A  0000000000001010 ( 376) RangeError      .FILL x000A
(31AD) 005B  0000000001011011 ( 377)                 .FILL x005B
(31AE) 0045  0000000001000101 ( 377)                 .FILL x0045
(31AF) 0072  0000000001110010 ( 377)                 .FILL x0072
(31B0) 0072  0000000001110010 ( 377)                 .FILL x0072
(31B1) 006F  0000000001101111 ( 377)                 .FILL x006F
(31B2) 0072  0000000001110010 ( 377)                 .FILL x0072
(31B3) 005D  0000000001011101 ( 377)                 .FILL x005D
(31B4) 0020  0000000000100000 ( 377)                 .FILL x0020
(31B5) 0072  0000000001110010 ( 377)                 .FILL x0072
(31B6) 0061  0000000001100001 ( 377)                 .FILL x0061
(31B7) 006E  0000000001101110 ( 377)                 .FILL x006E
(31B8) 0067  0000000001100111 ( 377)                 .FILL x0067
(31B9) 0065  0000000001100101 ( 377)                 .FILL x0065
(31BA) 0020  0000000000100000 ( 377)                 .FILL x0020
(31BB) 006C  0000000001101100 ( 377)                 .FILL x006C
(31BC) 0069  0000000001101001 ( 377)                 .FILL x0069
(31BD) 006D  0000000001101101 ( 377)                 .FILL x006D
(31BE) 0069  0000000001101001 ( 377)                 .FILL x0069
(31BF) 0074  0000000001110100 ( 377)                 .FILL x0074
(31C0) 0020  0000000000100000 ( 377)                 .FILL x0020
(31C1) 0065  0000000001100101 ( 377)                 .FILL x0065
(31C2) 0078  0000000001111000 ( 377)                 .FILL x0078
(31C3) 0063  0000000001100011 ( 377)                 .FILL x0063
(31C4) 0065  0000000001100101 ( 377)                 .FILL x0065
(31C5) 0065  0000000001100101 ( 377)                 .FILL x0065
(31C6) 0064  0000000001100100 ( 377)                 .FILL x0064
(31C7) 0073  0000000001110011 ( 377)                 .FILL x0073
(31C8) 0000  0000000000000000 ( 377)                 .FILL x0000
(31C9) 0000  0000000000000000 ( 378) DIVSaveR0       .FILL x0000
(31CA) 0000  0000000000000000 ( 379) DIVSaveR1       .FILL x0000
(31CB) 0000  0000000000000000 ( 380) DIVSaveR2       .FILL x0000
(31CC) 0000  0000000000000000 ( 381) DIVSaveR5       .FILL x0000
(31CD) 0000  0000000000000000 ( 382) DIVSaveR7       .FILL x0000
(31CE) 000A  0000000000001010 ( 383) DIVPrompt       .FILL x000A
(31CF) 005B  0000000001011011 ( 384)                 .FILL x005B
(31D0) 0044  0000000001000100 ( 384)                 .FILL x0044
(31D1) 0069  0000000001101001 ( 384)                 .FILL x0069
(31D2) 0076  0000000001110110 ( 384)                 .FILL x0076
(31D3) 0069  0000000001101001 ( 384)                 .FILL x0069
(31D4) 0064  0000000001100100 ( 384)                 .FILL x0064
(31D5) 0065  0000000001100101 ( 384)                 .FILL x0065
(31D6) 005D  0000000001011101 ( 384)                 .FILL x005D
(31D7) 0000  0000000000000000 ( 384)                 .FILL x0000
(31D8) 000A  0000000000001010 ( 385) DivideZero      .FILL x000A
(31D9) 005B  0000000001011011 ( 386)                 .FILL x005B
(31DA) 0045  0000000001000101 ( 386)                 .FILL x0045
(31DB) 0072  0000000001110010 ( 386)                 .FILL x0072
(31DC) 0072  0000000001110010 ( 386)                 .FILL x0072
(31DD) 006F  0000000001101111 ( 386)                 .FILL x006F
(31DE) 0072  0000000001110010 ( 386)                 .FILL x0072
(31DF) 005D  0000000001011101 ( 386)                 .FILL x005D
(31E0) 0020  0000000000100000 ( 386)                 .FILL x0020
(31E1) 0064  0000000001100100 ( 386)                 .FILL x0064
(31E2) 0069  0000000001101001 ( 386)                 .FILL x0069
(31E3) 0076  0000000001110110 ( 386)                 .FILL x0076
(31E4) 0069  0000000001101001 ( 386)                 .FILL x0069
(31E5) 0064  0000000001100100 ( 386)                 .FILL x0064
(31E6) 0065  0000000001100101 ( 386)                 .FILL x0065
(31E7) 0020  0000000000100000 ( 386)                 .FILL x0020
(31E8) 0062  0000000001100010 ( 386)                 .FILL x0062
(31E9) 0079  0000000001111001 ( 386)                 .FILL x0079
(31EA) 0020  0000000000100000 ( 386)                 .FILL x0020
(31EB) 007A  0000000001111010 ( 386)                 .FILL x007A
(31EC) 0065  0000000001100101 ( 386)                 .FILL x0065
(31ED) 0072  0000000001110010 ( 386)                 .FILL x0072
(31EE) 006F  0000000001101111 ( 386)                 .FILL x006F
(31EF) 0000  0000000000000000 ( 386)                 .FILL x0000
(31F0) 3033  0011000000110011 ( 391) MOD             ST    R0 MODSaveR0
(31F1) 3233  0011001000110011 ( 392)                 ST    R1 MODSaveR1
(31F2) 3433  0011010000110011 ( 393)                 ST    R2 MODSaveR2
(31F3) 3A33  0011101000110011 ( 394)                 ST    R5 MODSaveR5
(31F4) 3E33  0011111000110011 ( 395)                 ST    R7 MODSaveR7
(31F5) 48F1  0100100011110001 ( 396)                 JSR   POP
(31F6) 1B60  0001101101100000 ( 397)                 ADD   R5 R5 #0
(31F7) 0222  0000001000100010 ( 398)                 BRP   MODAbsent
(31F8) 1220  0001001000100000 ( 399)                 ADD   R1 R0 #0
(31F9) 48ED  0100100011101101 ( 400)                 JSR   POP
(31FA) 1B60  0001101101100000 ( 401)                 ADD   R5 R5 #0
(31FB) 021D  0000001000011101 ( 402)                 BRP   MODBack
(31FC) 1420  0001010000100000 ( 403)                 ADD   R2 R0 #0
(31FD) 0416  0000010000010110 ( 404)                 BRZ   MODIllegal
(31FE) 0204  0000001000000100 ( 405)                 BRP   MODStart
(31FF) 927F  1001001001111111 ( 406)                 NOT   R1 R1
(3200) 1261  0001001001100001 ( 407)                 ADD   R1 R1 #1
(3201) 94BF  1001010010111111 ( 408)                 NOT   R2 R2
(3202) 14A1  0001010010100001 ( 409)                 ADD   R2 R2 #1
(3203) 5020  0101000000100000 ( 410) MODStart        AND   R0 R0 #0
(3204) 1260  0001001001100000 ( 411)                 ADD   R1 R1 #0
(3205) 0202  0000001000000010 ( 412)                 BRP   MODPlus
(3206) 0807  0000100000000111 ( 413)                 BRN   MODMinus
(3207) 0E09  0000111000001001 ( 414)                 BRNZP MODPush
(3208) 94BF  1001010010111111 ( 415) MODPlus         NOT   R2 R2
(3209) 14A1  0001010010100001 ( 416)                 ADD   R2 R2 #1
(320A) 1042  0001000001000010 ( 417) MODLoop         ADD   R0 R1 R2
(320B) 0805  0000100000000101 ( 418)                 BRN   MODPush
(320C) 1220  0001001000100000 ( 419)                 ADD   R1 R0 #0
(320D) 0FFC  0000111111111100 ( 420)                 BRNZP MODLoop
(320E) 1242  0001001001000010 ( 421) MODMinus        ADD   R1 R1 R2
(320F) 0601  0000011000000001 ( 422)                 BRZP  MODPush
(3210) 0FFD  0000111111111101 ( 423)                 BRNZP MODMinus
(3211) 1060  0001000001100000 ( 424) MODPush         ADD   R0 R1 #0
(3212) 48FE  0100100011111110 ( 425)                 JSR   PUSH
(3213) 0E08  0000111000001000 ( 426)                 BRNZP MODFinish
(3214) E1C3  1110000111000011 ( 427) MODIllegal      LEA   R0 DivideZero
(3215) F022  1111000000100010 ( 428)                 TRAP  x22
(3216) 1DBF  0001110110111111 ( 429)                 ADD   R6 R6 #-1
(3217) 1DBF  0001110110111111 ( 430)                 ADD   R6 R6 #-1
(3218) 0E03  0000111000000011 ( 431)                 BRNZP MODFinish
(3219) 1DBF  0001110110111111 ( 432) MODBack         ADD   R6 R6 #-1
(321A) E174  1110000101110100 ( 433) MODAbsent       LEA   R0 CountError
(321B) F022  1111000000100010 ( 434)                 TRAP  x22
(321C) E00C  1110000000001100 ( 435) MODFinish       LEA   R0 MODPrompt
(321D) F022  1111000000100010 ( 436)                 TRAP  x22
(321E) 2005  0010000000000101 ( 437)                 LD    R0 MODSaveR0
(321F) 2205  0010001000000101 ( 438)                 LD    R1 MODSaveR1
(3220) 2405  0010010000000101 ( 439)                 LD    R2 MODSaveR2
(3221) 2A05  0010101000000101 ( 440)                 LD    R5 MODSaveR5
(3222) 2E05  0010111000000101 ( 441)                 LD    R7 MODSaveR7
(3223) C1C0  1100000111000000 ( 442)                 RET   
(3224) 0000  0000000000000000 ( 443) MODSaveR0       .FILL x0000
(3225) 0000  0000000000000000 ( 444) MODSaveR1       .FILL x0000
(3226) 0000  0000000000000000 ( 445) MODSaveR2       .FILL x0000
(3227) 0000  0000000000000000 ( 446) MODSaveR5       .FILL x0000
(3228) 0000  0000000000000000 ( 447) MODSaveR7       .FILL x0000
(3229) 000A  0000000000001010 ( 448) MODPrompt       .FILL x000A
(322A) 005B  0000000001011011 ( 449)                 .FILL x005B
(322B) 004D  0000000001001101 ( 449)                 .FILL x004D
(322C) 006F  0000000001101111 ( 449)                 .FILL x006F
(322D) 0064  0000000001100100 ( 449)                 .FILL x0064
(322E) 0075  0000000001110101 ( 449)                 .FILL x0075
(322F) 006C  0000000001101100 ( 449)                 .FILL x006C
(3230) 0061  0000000001100001 ( 449)                 .FILL x0061
(3231) 0072  0000000001110010 ( 449)                 .FILL x0072
(3232) 005D  0000000001011101 ( 449)                 .FILL x005D
(3233) 0000  0000000000000000 ( 449)                 .FILL x0000
(3234) 3020  0011000000100000 ( 454) XOR             ST    R0 XORSaveR0
(3235) 3220  0011001000100000 ( 455)                 ST    R1 XORSaveR1
(3236) 3420  0011010000100000 ( 456)                 ST    R2 XORSaveR2
(3237) 3A20  0011101000100000 ( 457)                 ST    R5 XORSaveR5
(3238) 3E20  0011111000100000 ( 458)                 ST    R7 XORSaveR7
(3239) 48AD  0100100010101101 ( 459)                 JSR   POP
(323A) 1B60  0001101101100000 ( 460)                 ADD   R5 R5 #0
(323B) 020F  0000001000001111 ( 461)                 BRP   XORAbsent
(323C) 1220  0001001000100000 ( 462)                 ADD   R1 R0 #0
(323D) 48A9  0100100010101001 ( 463)                 JSR   POP
(323E) 1B60  0001101101100000 ( 464)                 ADD   R5 R5 #0
(323F) 020A  0000001000001010 ( 465)                 BRP   XORBack
(3240) 943F  1001010000111111 ( 466)                 NOT   R2 R0
(3241) 5481  0101010010000001 ( 467)                 AND   R2 R2 R1
(3242) 94BF  1001010010111111 ( 468)                 NOT   R2 R2
(3243) 9A7F  1001101001111111 ( 469)                 NOT   R5 R1
(3244) 5B40  0101101101000000 ( 470)                 AND   R5 R5 R0
(3245) 9B7F  1001101101111111 ( 471)                 NOT   R5 R5
(3246) 5085  0101000010000101 ( 472)                 AND   R0 R2 R5
(3247) 903F  1001000000111111 ( 473)                 NOT   R0 R0
(3248) 48C8  0100100011001000 ( 474) XORPush         JSR   PUSH
(3249) 0E03  0000111000000011 ( 475)                 BRNZP XORFinish
(324A) 1DBF  0001110110111111 ( 476) XORBack         ADD   R6 R6 #-1
(324B) E143  1110000101000011 ( 477) XORAbsent       LEA   R0 CountError
(324C) F022  1111000000100010 ( 478)                 TRAP  x22
(324D) E00C  1110000000001100 ( 479) XORFinish       LEA   R0 XORPrompt
(324E) F022  1111000000100010 ( 480)                 TRAP  x22
(324F) 2005  0010000000000101 ( 481)                 LD    R0 XORSaveR0
(3250) 2205  0010001000000101 ( 482)                 LD    R1 XORSaveR1
(3251) 2405  0010010000000101 ( 483)                 LD    R2 XORSaveR2
(3252) 2A05  0010101000000101 ( 484)                 LD    R5 XORSaveR5
(3253) 2E05  0010111000000101 ( 485)                 LD    R7 XORSaveR7
(3254) C1C0  1100000111000000 ( 486)                 RET   
(3255) 0000  0000000000000000 ( 488) XORSaveR0       .FILL x0000
(3256) 0000  0000000000000000 ( 489) XORSaveR1       .FILL x0000
(3257) 0000  0000000000000000 ( 490) XORSaveR2       .FILL x0000
(3258) 0000  0000000000000000 ( 491) XORSaveR5       .FILL x0000
(3259) 0000  0000000000000000 ( 492) XORSaveR7       .FILL x0000
(325A) 000A  0000000000001010 ( 493) XORPrompt       .FILL x000A
(325B) 005B  0000000001011011 ( 494)                 .FILL x005B
(325C) 0045  0000000001000101 ( 494)                 .FILL x0045
(325D) 0078  0000000001111000 ( 494)                 .FILL x0078
(325E) 0063  0000000001100011 ( 494)                 .FILL x0063
(325F) 006C  0000000001101100 ( 494)                 .FILL x006C
(3260) 0075  0000000001110101 ( 494)                 .FILL x0075
(3261) 0064  0000000001100100 ( 494)                 .FILL x0064
(3262) 0065  0000000001100101 ( 494)                 .FILL x0065
(3263) 005D  0000000001011101 ( 494)                 .FILL x005D
(3264) 0000  0000000000000000 ( 494)                 .FILL x0000
(3265) 303B  0011000000111011 ( 499) Insert          ST    R0 ISaveR0
(3266) 323B  0011001000111011 ( 500)                 ST    R1 ISaveR1
(3267) 343B  0011010000111011 ( 501)                 ST    R2 ISaveR2
(3268) 363B  0011011000111011 ( 502)                 ST    R3 ISaveR3
(3269) 3A3B  0011101000111011 ( 503)                 ST    R5 ISaveR5
(326A) 3E3B  0011111000111011 ( 504)                 ST    R7 ISaveR7
(326B) 2278  0010001001111000 ( 505)                 LD    R1 BP3
(326C) 243A  0010010000111010 ( 506)                 LD    R2 DigitLimit
(326D) 263A  0010011000111010 ( 507) ILoop           LD    R3 EqualEnter
(326E) 16C0  0001011011000000 ( 508)                 ADD   R3 R3 R0
(326F) 0418  0000010000011000 ( 509)                 BRZ   ILegal
(3270) 14A0  0001010010100000 ( 510)                 ADD   R2 R2 #0
(3271) 041D  0000010000011101 ( 511)                 BRZ   IIllegal
(3272) 2636  0010011000110110 ( 512)                 LD    R3 EqualZero
(3273) 16C0  0001011011000000 ( 513)                 ADD   R3 R3 R0
(3274) 0809  0000100000001001 ( 514)                 BRN   ICrazy
(3275) 2634  0010011000110100 ( 515)                 LD    R3 EqualNine
(3276) 16C0  0001011011000000 ( 516)                 ADD   R3 R3 R0
(3277) 0206  0000001000000110 ( 517)                 BRP   ICrazy
(3278) 14BF  0001010010111111 ( 518)                 ADD   R2 R2 #-1
(3279) 7040  0111000001000000 ( 519)                 STR   R0 R1 #0
(327A) 1261  0001001001100001 ( 520)                 ADD   R1 R1 #1
(327B) F020  1111000000100000 ( 521)                 TRAP  x20
(327C) F021  1111000000100001 ( 522)                 TRAP  x21
(327D) 0FEF  0000111111101111 ( 523)                 BRNZP ILoop
(327E) F020  1111000000100000 ( 524) ICrazy          TRAP  x20
(327F) F021  1111000000100001 ( 525)                 TRAP  x21
(3280) 2627  0010011000100111 ( 526)                 LD    R3 EqualEnter
(3281) 16C0  0001011011000000 ( 527)                 ADD   R3 R3 R0
(3282) 0BFB  0000101111111011 ( 528)                 BRNP  ICrazy
(3283) E028  1110000000101000 ( 529)                 LEA   R0 CrazyPrompt
(3284) F022  1111000000100010 ( 530)                 TRAP  x22
(3285) 2025  0010000000100101 ( 531)                 LD    R0 INewLine
(3286) F021  1111000000100001 ( 532)                 TRAP  x21
(3287) 0E10  0000111000010000 ( 533)                 BRNZP IFinish
(3288) 245B  0010010001011011 ( 534) ILegal          LD    R2 BP3
(3289) 94BF  1001010010111111 ( 535)                 NOT   R2 R2
(328A) 14A1  0001010010100001 ( 536)                 ADD   R2 R2 #1
(328B) 1242  0001001001000010 ( 537)                 ADD   R1 R1 R2
(328C) 48B4  0100100010110100 ( 538)                 JSR   A2B
(328D) 4883  0100100010000011 ( 539)                 JSR   PUSH
(328E) 0E09  0000111000001001 ( 540)                 BRNZP IFinish
(328F) F020  1111000000100000 ( 541) IIllegal        TRAP  x20
(3290) F021  1111000000100001 ( 542)                 TRAP  x21
(3291) 2616  0010011000010110 ( 543)                 LD    R3 EqualEnter
(3292) 16C0  0001011011000000 ( 544)                 ADD   R3 R3 R0
(3293) 0BFB  0000101111111011 ( 545)                 BRNP  IIllegal
(3294) E02E  1110000000101110 ( 546)                 LEA   R0 LargePrompt
(3295) F022  1111000000100010 ( 547)                 TRAP  x22
(3296) 2014  0010000000010100 ( 548)                 LD    R0 INewLine
(3297) F021  1111000000100001 ( 549)                 TRAP  x21
(3298) E042  1110000001000010 ( 550) IFinish         LEA   R0 ValuePrompt
(3299) F022  1111000000100010 ( 551)                 TRAP  x22
(329A) 2006  0010000000000110 ( 552)                 LD    R0 ISaveR0
(329B) 2206  0010001000000110 ( 553)                 LD    R1 ISaveR1
(329C) 2406  0010010000000110 ( 554)                 LD    R2 ISaveR2
(329D) 2606  0010011000000110 ( 555)                 LD    R3 ISaveR3
(329E) 2A06  0010101000000110 ( 556)                 LD    R5 ISaveR5
(329F) 2E06  0010111000000110 ( 557)                 LD    R7 ISaveR7
(32A0) C1C0  1100000111000000 ( 558)                 RET   
(32A1) 0000  0000000000000000 ( 560) ISaveR0         .FILL x0000
(32A2) 0000  0000000000000000 ( 561) ISaveR1         .FILL x0000
(32A3) 0000  0000000000000000 ( 562) ISaveR2         .FILL x0000
(32A4) 0000  0000000000000000 ( 563) ISaveR3         .FILL x0000
(32A5) 0000  0000000000000000 ( 564) ISaveR5         .FILL x0000
(32A6) 0000  0000000000000000 ( 565) ISaveR7         .FILL x0000
(32A7) 0003  0000000000000011 ( 566) DigitLimit      .FILL x0003
(32A8) FFF6  1111111111110110 ( 567) EqualEnter      .FILL xFFF6
(32A9) FFD0  1111111111010000 ( 568) EqualZero       .FILL xFFD0
(32AA) FFC7  1111111111000111 ( 569) EqualNine       .FILL xFFC7
(32AB) 000A  0000000000001010 ( 570) INewLine        .FILL x000A
(32AC) 005B  0000000001011011 ( 571) CrazyPrompt     .FILL x005B
(32AD) 0045  0000000001000101 ( 571)                 .FILL x0045
(32AE) 0072  0000000001110010 ( 571)                 .FILL x0072
(32AF) 0072  0000000001110010 ( 571)                 .FILL x0072
(32B0) 006F  0000000001101111 ( 571)                 .FILL x006F
(32B1) 0072  0000000001110010 ( 571)                 .FILL x0072
(32B2) 005D  0000000001011101 ( 571)                 .FILL x005D
(32B3) 0020  0000000000100000 ( 571)                 .FILL x0020
(32B4) 006E  0000000001101110 ( 571)                 .FILL x006E
(32B5) 006F  0000000001101111 ( 571)                 .FILL x006F
(32B6) 0074  0000000001110100 ( 571)                 .FILL x0074
(32B7) 0020  0000000000100000 ( 571)                 .FILL x0020
(32B8) 0061  0000000001100001 ( 571)                 .FILL x0061
(32B9) 006E  0000000001101110 ( 571)                 .FILL x006E
(32BA) 0020  0000000000100000 ( 571)                 .FILL x0020
(32BB) 0069  0000000001101001 ( 571)                 .FILL x0069
(32BC) 006E  0000000001101110 ( 571)                 .FILL x006E
(32BD) 0074  0000000001110100 ( 571)                 .FILL x0074
(32BE) 0065  0000000001100101 ( 571)                 .FILL x0065
(32BF) 0067  0000000001100111 ( 571)                 .FILL x0067
(32C0) 0065  0000000001100101 ( 571)                 .FILL x0065
(32C1) 0072  0000000001110010 ( 571)                 .FILL x0072
(32C2) 0000  0000000000000000 ( 571)                 .FILL x0000
(32C3) 005B  0000000001011011 ( 572) LargePrompt     .FILL x005B
(32C4) 0045  0000000001000101 ( 572)                 .FILL x0045
(32C5) 0072  0000000001110010 ( 572)                 .FILL x0072
(32C6) 0072  0000000001110010 ( 572)                 .FILL x0072
(32C7) 006F  0000000001101111 ( 572)                 .FILL x006F
(32C8) 0072  0000000001110010 ( 572)                 .FILL x0072
(32C9) 005D  0000000001011101 ( 572)                 .FILL x005D
(32CA) 0020  0000000000100000 ( 572)                 .FILL x0020
(32CB) 0074  0000000001110100 ( 572)                 .FILL x0074
(32CC) 006F  0000000001101111 ( 572)                 .FILL x006F
(32CD) 006F  0000000001101111 ( 572)                 .FILL x006F
(32CE) 0020  0000000000100000 ( 572)                 .FILL x0020
(32CF) 006C  0000000001101100 ( 572)                 .FILL x006C
(32D0) 0061  0000000001100001 ( 572)                 .FILL x0061
(32D1) 0072  0000000001110010 ( 572)                 .FILL x0072
(32D2) 0067  0000000001100111 ( 572)                 .FILL x0067
(32D3) 0065  0000000001100101 ( 572)                 .FILL x0065
(32D4) 0020  0000000000100000 ( 572)                 .FILL x0020
(32D5) 0076  0000000001110110 ( 572)                 .FILL x0076
(32D6) 0061  0000000001100001 ( 572)                 .FILL x0061
(32D7) 006C  0000000001101100 ( 572)                 .FILL x006C
(32D8) 0075  0000000001110101 ( 572)                 .FILL x0075
(32D9) 0065  0000000001100101 ( 572)                 .FILL x0065
(32DA) 0000  0000000000000000 ( 572)                 .FILL x0000
(32DB) 005B  0000000001011011 ( 573) ValuePrompt     .FILL x005B
(32DC) 0049  0000000001001001 ( 573)                 .FILL x0049
(32DD) 006E  0000000001101110 ( 573)                 .FILL x006E
(32DE) 0073  0000000001110011 ( 573)                 .FILL x0073
(32DF) 0065  0000000001100101 ( 573)                 .FILL x0065
(32E0) 0072  0000000001110010 ( 573)                 .FILL x0072
(32E1) 0074  0000000001110100 ( 573)                 .FILL x0074
(32E2) 005D  0000000001011101 ( 573)                 .FILL x005D
(32E3) 0000  0000000000000000 ( 573)                 .FILL x0000
(32E4) 33C8  0011001111001000 ( 574) BP3             .FILL x33C8
(32E5) 33B8  0011001110111000 ( 575) SH3             .FILL x33B8
(32E6) 33C7  0011001111000111 ( 576) SL3             .FILL x33C7
(32E7) 3E10  0011111000010000 ( 581) POP             ST    R7 POPSaveR7
(32E8) 21FD  0010000111111101 ( 582)                 LD    R0 SL3
(32E9) 1021  0001000000100001 ( 583)                 ADD   R0 R0 #1
(32EA) 903F  1001000000111111 ( 584)                 NOT   R0 R0
(32EB) 1021  0001000000100001 ( 585)                 ADD   R0 R0 #1
(32EC) 1006  0001000000000110 ( 586)                 ADD   R0 R0 R6
(32ED) 0404  0000010000000100 ( 587)                 BRZ   UnderFlow
(32EE) 6180  0110000110000000 ( 588) POPValid        LDR   R0 R6 #0
(32EF) 1DA1  0001110110100001 ( 589)                 ADD   R6 R6 #1
(32F0) 5B60  0101101101100000 ( 590)                 AND   R5 R5 #0
(32F1) 0E04  0000111000000100 ( 591)                 BRNZP POPFinish
(32F2) E006  1110000000000110 ( 592) UnderFlow       LEA   R0 UnderPrompt
(32F3) F022  1111000000100010 ( 593)                 TRAP  x22
(32F4) 5B60  0101101101100000 ( 594)                 AND   R5 R5 #0
(32F5) 1B61  0001101101100001 ( 595)                 ADD   R5 R5 #1
(32F6) 2E01  0010111000000001 ( 596) POPFinish       LD    R7 POPSaveR7
(32F7) C1C0  1100000111000000 ( 597)                 RET   
(32F8) 0000  0000000000000000 ( 599) POPSaveR7       .FILL x0000
(32F9) 000A  0000000000001010 ( 600) UnderPrompt     .FILL x000A
(32FA) 005B  0000000001011011 ( 601)                 .FILL x005B
(32FB) 0045  0000000001000101 ( 601)                 .FILL x0045
(32FC) 0072  0000000001110010 ( 601)                 .FILL x0072
(32FD) 0072  0000000001110010 ( 601)                 .FILL x0072
(32FE) 006F  0000000001101111 ( 601)                 .FILL x006F
(32FF) 0072  0000000001110010 ( 601)                 .FILL x0072
(3300) 005D  0000000001011101 ( 601)                 .FILL x005D
(3301) 0020  0000000000100000 ( 601)                 .FILL x0020
(3302) 0073  0000000001110011 ( 601)                 .FILL x0073
(3303) 0074  0000000001110100 ( 601)                 .FILL x0074
(3304) 0061  0000000001100001 ( 601)                 .FILL x0061
(3305) 0063  0000000001100011 ( 601)                 .FILL x0063
(3306) 006B  0000000001101011 ( 601)                 .FILL x006B
(3307) 0020  0000000000100000 ( 601)                 .FILL x0020
(3308) 0069  0000000001101001 ( 601)                 .FILL x0069
(3309) 0073  0000000001110011 ( 601)                 .FILL x0073
(330A) 0020  0000000000100000 ( 601)                 .FILL x0020
(330B) 0065  0000000001100101 ( 601)                 .FILL x0065
(330C) 006D  0000000001101101 ( 601)                 .FILL x006D
(330D) 0070  0000000001110000 ( 601)                 .FILL x0070
(330E) 0074  0000000001110100 ( 601)                 .FILL x0074
(330F) 0079  0000000001111001 ( 601)                 .FILL x0079
(3310) 0000  0000000000000000 ( 601)                 .FILL x0000
(3311) 3015  0011000000010101 ( 606) PUSH            ST    R0 PUSHSaveR0
(3312) 3215  0011001000010101 ( 607)                 ST    R1 PUSHSaveR1
(3313) 3E15  0011111000010101 ( 608)                 ST    R7 PUSHSaveR7
(3314) 23D0  0010001111010000 ( 609)                 LD    R1 SH3
(3315) 927F  1001001001111111 ( 610)                 NOT   R1 R1
(3316) 1261  0001001001100001 ( 611)                 ADD   R1 R1 #1
(3317) 1246  0001001001000110 ( 612)                 ADD   R1 R1 R6
(3318) 0404  0000010000000100 ( 613)                 BRZ   OverFlow
(3319) 1DBF  0001110110111111 ( 614) PUSHValid       ADD   R6 R6 #-1
(331A) 7180  0111000110000000 ( 615)                 STR   R0 R6 #0
(331B) 5B60  0101101101100000 ( 616)                 AND   R5 R5 #0
(331C) 0E06  0000111000000110 ( 617)                 BRNZP PUSHFinish
(331D) E00D  1110000000001101 ( 618) OverFlow        LEA   R0 OverPrompt
(331E) F022  1111000000100010 ( 619)                 TRAP  x22
(331F) 200A  0010000000001010 ( 620)                 LD    R0 PUSHNewLine
(3320) F021  1111000000100001 ( 621)                 TRAP  x21
(3321) 5B60  0101101101100000 ( 622)                 AND   R5 R5 #0
(3322) 1B61  0001101101100001 ( 623)                 ADD   R5 R5 #1
(3323) 2003  0010000000000011 ( 624) PUSHFinish      LD    R0 PUSHSaveR0
(3324) 2203  0010001000000011 ( 625)                 LD    R1 PUSHSaveR1
(3325) 2E03  0010111000000011 ( 626)                 LD    R7 PUSHSaveR7
(3326) C1C0  1100000111000000 ( 627)                 RET   
(3327) 0000  0000000000000000 ( 629) PUSHSaveR0      .FILL x0000
(3328) 0000  0000000000000000 ( 630) PUSHSaveR1      .FILL x0000
(3329) 0000  0000000000000000 ( 631) PUSHSaveR7      .FILL x0000
(332A) 000A  0000000000001010 ( 632) PUSHNewLine     .FILL x000A
(332B) 005B  0000000001011011 ( 633) OverPrompt      .FILL x005B
(332C) 0045  0000000001000101 ( 633)                 .FILL x0045
(332D) 0072  0000000001110010 ( 633)                 .FILL x0072
(332E) 0072  0000000001110010 ( 633)                 .FILL x0072
(332F) 006F  0000000001101111 ( 633)                 .FILL x006F
(3330) 0072  0000000001110010 ( 633)                 .FILL x0072
(3331) 005D  0000000001011101 ( 633)                 .FILL x005D
(3332) 0020  0000000000100000 ( 633)                 .FILL x0020
(3333) 0073  0000000001110011 ( 633)                 .FILL x0073
(3334) 0074  0000000001110100 ( 633)                 .FILL x0074
(3335) 0061  0000000001100001 ( 633)                 .FILL x0061
(3336) 0063  0000000001100011 ( 633)                 .FILL x0063
(3337) 006B  0000000001101011 ( 633)                 .FILL x006B
(3338) 0020  0000000000100000 ( 633)                 .FILL x0020
(3339) 0069  0000000001101001 ( 633)                 .FILL x0069
(333A) 0073  0000000001110011 ( 633)                 .FILL x0073
(333B) 0020  0000000000100000 ( 633)                 .FILL x0020
(333C) 0066  0000000001100110 ( 633)                 .FILL x0066
(333D) 0075  0000000001110101 ( 633)                 .FILL x0075
(333E) 006C  0000000001101100 ( 633)                 .FILL x006C
(333F) 006C  0000000001101100 ( 633)                 .FILL x006C
(3340) 0000  0000000000000000 ( 633)                 .FILL x0000
(3341) 3229  0011001000101001 ( 638) A2B             ST    R1 A2BSaveR1
(3342) 3429  0011010000101001 ( 639)                 ST    R2 A2BSaveR2
(3343) 3629  0011011000101001 ( 640)                 ST    R3 A2BSaveR3
(3344) 3829  0011100000101001 ( 641)                 ST    R4 A2BSaveR4
(3345) 3A29  0011101000101001 ( 642)                 ST    R5 A2BSaveR5
(3346) 3E29  0011111000101001 ( 643)                 ST    R7 A2BSaveR7
(3347) 5020  0101000000100000 ( 644)                 AND   R0 R0 #0
(3348) 1260  0001001001100000 ( 645)                 ADD   R1 R1 #0
(3349) 041A  0000010000011010 ( 646)                 BRZ   A2BFinish
(334A) 2626  0010011000100110 ( 647)                 LD    R3 A2BOffset
(334B) 2598  0010010110011000 ( 648)                 LD    R2 BP3
(334C) 127F  0001001001111111 ( 649) A2BBit1         ADD   R1 R1 #-1
(334D) 1481  0001010010000001 ( 650)                 ADD   R2 R2 R1
(334E) 6880  0110100010000000 ( 651)                 LDR   R4 R2 #0
(334F) 1903  0001100100000011 ( 652)                 ADD   R4 R4 R3
(3350) 1004  0001000000000100 ( 653)                 ADD   R0 R0 R4
(3351) 1260  0001001001100000 ( 654)                 ADD   R1 R1 #0
(3352) 0411  0000010000010001 ( 655)                 BRZ   A2BFinish
(3353) 127F  0001001001111111 ( 656) A2BBit10        ADD   R1 R1 #-1
(3354) 14BF  0001010010111111 ( 657)                 ADD   R2 R2 #-1
(3355) 6880  0110100010000000 ( 658)                 LDR   R4 R2 #0
(3356) 1903  0001100100000011 ( 659)                 ADD   R4 R4 R3
(3357) EA4C  1110101001001100 ( 660)                 LEA   R5 Time10
(3358) 1B44  0001101101000100 ( 661)                 ADD   R5 R5 R4
(3359) 6940  0110100101000000 ( 662)                 LDR   R4 R5 #0
(335A) 1004  0001000000000100 ( 663)                 ADD   R0 R0 R4
(335B) 1260  0001001001100000 ( 664)                 ADD   R1 R1 #0
(335C) 0407  0000010000000111 ( 665)                 BRZ   A2BFinish
(335D) 14BF  0001010010111111 ( 666) A2BBit100       ADD   R2 R2 #-1
(335E) 6880  0110100010000000 ( 667)                 LDR   R4 R2 #0
(335F) 1903  0001100100000011 ( 668)                 ADD   R4 R4 R3
(3360) EA4D  1110101001001101 ( 669)                 LEA   R5 Time100
(3361) 1B44  0001101101000100 ( 670)                 ADD   R5 R5 R4
(3362) 6940  0110100101000000 ( 671)                 LDR   R4 R5 #0
(3363) 1004  0001000000000100 ( 672)                 ADD   R0 R0 R4
(3364) 2206  0010001000000110 ( 673) A2BFinish       LD    R1 A2BSaveR1
(3365) 2406  0010010000000110 ( 674)                 LD    R2 A2BSaveR2
(3366) 2606  0010011000000110 ( 675)                 LD    R3 A2BSaveR3
(3367) 2806  0010100000000110 ( 676)                 LD    R4 A2BSaveR4
(3368) 2A06  0010101000000110 ( 677)                 LD    R5 A2BSaveR5
(3369) 2E06  0010111000000110 ( 678)                 LD    R7 A2BSaveR7
(336A) C1C0  1100000111000000 ( 679)                 RET   
(336B) 0000  0000000000000000 ( 681) A2BSaveR1       .FILL x0000
(336C) 0000  0000000000000000 ( 682) A2BSaveR2       .FILL x0000
(336D) 0000  0000000000000000 ( 683) A2BSaveR3       .FILL x0000
(336E) 0000  0000000000000000 ( 684) A2BSaveR4       .FILL x0000
(336F) 0000  0000000000000000 ( 685) A2BSaveR5       .FILL x0000
(3370) 0000  0000000000000000 ( 686) A2BSaveR7       .FILL x0000
(3371) FFD0  1111111111010000 ( 687) A2BOffset       .FILL xFFD0
(3372) 3027  0011000000100111 ( 692) B2A             ST    R0 B2ASaveR0
(3373) 3227  0011001000100111 ( 693)                 ST    R1 B2ASaveR1
(3374) 3427  0011010000100111 ( 694)                 ST    R2 B2ASaveR2
(3375) 3627  0011011000100111 ( 695)                 ST    R3 B2ASaveR3
(3376) 3E27  0011111000100111 ( 696)                 ST    R7 B2ASaveR7
(3377) 236C  0010001101101100 ( 697)                 LD    R1 BP3
(3378) 1020  0001000000100000 ( 698)                 ADD   R0 R0 #0
(3379) 0803  0000100000000011 ( 699)                 BRN   B2ASign
(337A) 2425  0010010000100101 ( 700)                 LD    R2 ASCIIPlus
(337B) 7440  0111010001000000 ( 701)                 STR   R2 R1 #0
(337C) 0E04  0000111000000100 ( 702)                 BRNZP B2ABegin100
(337D) 2423  0010010000100011 ( 703) B2ASign         LD    R2 ASCIIMinus
(337E) 7440  0111010001000000 ( 704)                 STR   R2 R1 #0
(337F) 903F  1001000000111111 ( 705)                 NOT   R0 R0
(3380) 1021  0001000000100001 ( 706)                 ADD   R0 R0 #1
(3381) 241D  0010010000011101 ( 707) B2ABegin100     LD    R2 B2AOffset
(3382) 2620  0010011000100000 ( 708)                 LD    R3 Minus100
(3383) 1003  0001000000000011 ( 709) B2ALoop100      ADD   R0 R0 R3
(3384) 0802  0000100000000010 ( 710)                 BRN   B2AEnd100
(3385) 14A1  0001010010100001 ( 711)                 ADD   R2 R2 #1
(3386) 0FFC  0000111111111100 ( 712)                 BRNZP B2ALoop100
(3387) 7441  0111010001000001 ( 713) B2AEnd100       STR   R2 R1 #1
(3388) 2619  0010011000011001 ( 714)                 LD    R3 Plus100
(3389) 1003  0001000000000011 ( 715)                 ADD   R0 R0 R3
(338A) 2414  0010010000010100 ( 716) B2ABegin10      LD    R2 B2AOffset
(338B) 1036  0001000000110110 ( 717) B2ALoop10       ADD   R0 R0 #-10
(338C) 0802  0000100000000010 ( 718)                 BRN   B2AEnd10
(338D) 14A1  0001010010100001 ( 719)                 ADD   R2 R2 #1
(338E) 0FFC  0000111111111100 ( 720)                 BRNZP B2ALoop10
(338F) 7442  0111010001000010 ( 721) B2AEnd10        STR   R2 R1 #2
(3390) 102A  0001000000101010 ( 722)                 ADD   R0 R0 #10
(3391) 240D  0010010000001101 ( 723) B2ALast1        LD    R2 B2AOffset
(3392) 1480  0001010010000000 ( 724)                 ADD   R2 R2 R0
(3393) 7443  0111010001000011 ( 725)                 STR   R2 R1 #3
(3394) 2005  0010000000000101 ( 726) B2AFinish       LD    R0 B2ASaveR0
(3395) 2205  0010001000000101 ( 727)                 LD    R1 B2ASaveR1
(3396) 2405  0010010000000101 ( 728)                 LD    R2 B2ASaveR2
(3397) 2605  0010011000000101 ( 729)                 LD    R3 B2ASaveR3
(3398) 2E05  0010111000000101 ( 730)                 LD    R7 B2ASaveR7
(3399) C1C0  1100000111000000 ( 731)                 RET   
(339A) 0000  0000000000000000 ( 733) B2ASaveR0       .FILL x0000
(339B) 0000  0000000000000000 ( 734) B2ASaveR1       .FILL x0000
(339C) 0000  0000000000000000 ( 735) B2ASaveR2       .FILL x0000
(339D) 0000  0000000000000000 ( 736) B2ASaveR3       .FILL x0000
(339E) 0000  0000000000000000 ( 737) B2ASaveR7       .FILL x0000
(339F) 0030  0000000000110000 ( 738) B2AOffset       .FILL x0030
(33A0) 002B  0000000000101011 ( 739) ASCIIPlus       .FILL x002B
(33A1) 002D  0000000000101101 ( 740) ASCIIMinus      .FILL x002D
(33A2) 0064  0000000001100100 ( 741) Plus100         .FILL x0064
(33A3) FF9C  1111111110011100 ( 742) Minus100        .FILL xFF9C
(33A4) 0000  0000000000000000 ( 743) Time10          .FILL x0000
(33A5) 000A  0000000000001010 ( 744)                 .FILL x000A
(33A6) 0014  0000000000010100 ( 745)                 .FILL x0014
(33A7) 001E  0000000000011110 ( 746)                 .FILL x001E
(33A8) 0028  0000000000101000 ( 747)                 .FILL x0028
(33A9) 0032  0000000000110010 ( 748)                 .FILL x0032
(33AA) 003C  0000000000111100 ( 749)                 .FILL x003C
(33AB) 0046  0000000001000110 ( 750)                 .FILL x0046
(33AC) 0050  0000000001010000 ( 751)                 .FILL x0050
(33AD) 005A  0000000001011010 ( 752)                 .FILL x005A
(33AE) 0000  0000000000000000 ( 753) Time100         .FILL x0000
(33AF) 0064  0000000001100100 ( 754)                 .FILL x0064
(33B0) 00C8  0000000011001000 ( 755)                 .FILL x00C8
(33B1) 012C  0000000100101100 ( 756)                 .FILL x012C
(33B2) 0190  0000000110010000 ( 757)                 .FILL x0190
(33B3) 01F4  0000000111110100 ( 758)                 .FILL x01F4
(33B4) 0258  0000001001011000 ( 759)                 .FILL x0258
(33B5) 02BC  0000001010111100 ( 760)                 .FILL x02BC
(33B6) 0320  0000001100100000 ( 761)                 .FILL x0320
(33B7) 0384  0000001110000100 ( 762)                 .FILL x0384
(33B8) 0000  0000000000000000 ( 768) StackLimit      .FILL x0000
(33B9) 0000  0000000000000000 ( 768)                 .FILL x0000
(33BA) 0000  0000000000000000 ( 768)                 .FILL x0000
(33BB) 0000  0000000000000000 ( 768)                 .FILL x0000
(33BC) 0000  0000000000000000 ( 768)                 .FILL x0000
(33BD) 0000  0000000000000000 ( 768)                 .FILL x0000
(33BE) 0000  0000000000000000 ( 768)                 .FILL x0000
(33BF) 0000  0000000000000000 ( 768)                 .FILL x0000
(33C0) 0000  0000000000000000 ( 768)                 .FILL x0000
(33C1) 0000  0000000000000000 ( 768)                 .FILL x0000
(33C2) 0000  0000000000000000 ( 768)                 .FILL x0000
(33C3) 0000  0000000000000000 ( 768)                 .FILL x0000
(33C4) 0000  0000000000000000 ( 768)                 .FILL x0000
(33C5) 0000  0000000000000000 ( 768)                 .FILL x0000
(33C6) 0000  0000000000000000 ( 768)                 .FILL x0000
(33C7) 0000  0000000000000000 ( 768) StackBase       .FILL x0000
(33C8) 0000  0000000000000000 ( 770) Buffer          .FILL x0000
(33C9) 0000  0000000000000000 ( 770)                 .FILL x0000
(33CA) 0000  0000000000000000 ( 770)                 .FILL x0000
(33CB) 0000  0000000000000000 ( 770)                 .FILL x0000
(33CC) 0000  0000000000000000 ( 770)                 .FILL x0000
